DEBUG: cli.knack.cli: Command arguments: ['group', 'create', '-l', 'TaiwanNorth', '-n', 'rg-anayltics', '--debug']
DEBUG: cli.knack.cli: __init__ debug log:
Cannot enable color.
DEBUG: cli.knack.cli: Event: Cli.PreExecute []
DEBUG: cli.knack.cli: Event: CommandParser.OnGlobalArgumentsCreate [<function CLILogging.on_global_arguments at 0x101e851c0>, <function OutputProducer.on_global_arguments at 0x101f30360>, <function CLIQuery.on_global_arguments at 0x101f61e40>]
DEBUG: cli.knack.cli: Event: CommandInvoker.OnPreCommandTableCreate []
DEBUG: cli.azure.cli.core: Modules found from index for 'group': ['azure.cli.command_modules.resource']
DEBUG: cli.azure.cli.core: Loading command modules:
DEBUG: cli.azure.cli.core: Name                  Load Time    Groups  Commands
DEBUG: cli.azure.cli.core: resource                  0.195        51       228
DEBUG: cli.azure.cli.core: Total (1)                 0.195        51       228
DEBUG: cli.azure.cli.core: These extensions are not installed and will be skipped: ['azext_ai_examples', 'azext_next']
DEBUG: cli.azure.cli.core: Loading extensions:
DEBUG: cli.azure.cli.core: Name                  Load Time    Groups  Commands  Directory
DEBUG: cli.azure.cli.core: Total (0)                 0.000         0         0
DEBUG: cli.azure.cli.core: Loaded 51 groups, 228 commands.
DEBUG: cli.azure.cli.core: Found a match in the command table.
DEBUG: cli.azure.cli.core: Raw command  : group create
DEBUG: cli.azure.cli.core: Command table: group create
DEBUG: cli.knack.cli: Event: CommandInvoker.OnPreCommandTableTruncate [<function AzCliLogging.init_command_file_logging at 0x102e7aac0>]
DEBUG: cli.azure.cli.core.azlogging: metadata file logging enabled - writing logs to '/Users/pichuang/.azure/commands/2024-04-02.18-28-01.group_create.86442.log'.
INFO: az_command_data_logger: command args: group create -l {} -n {} --debug
DEBUG: cli.knack.cli: Event: CommandInvoker.OnPreArgumentLoad [<function register_global_subscription_argument.<locals>.add_subscription_parameter at 0x102ecf7e0>]
DEBUG: cli.knack.cli: Event: CommandInvoker.OnPostArgumentLoad []
DEBUG: cli.knack.cli: Event: CommandInvoker.OnPostCommandTableCreate [<function register_ids_argument.<locals>.add_ids_arguments at 0x102ecf880>, <function register_cache_arguments.<locals>.add_cache_arguments at 0x102ecf9c0>]
DEBUG: cli.knack.cli: Event: CommandInvoker.OnCommandTableLoaded []
DEBUG: cli.knack.cli: Event: CommandInvoker.OnPreParseArgs []
DEBUG: cli.knack.cli: Event: CommandInvoker.OnPostParseArgs [<function OutputProducer.handle_output_argument at 0x101f30400>, <function CLIQuery.handle_query_parameter at 0x101f61ee0>, <function register_ids_argument.<locals>.parse_ids_arguments at 0x102ecf920>]
DEBUG: cli.azure.cli.core.commands.client_factory: Getting management service client client_type=ResourceManagementClient
DEBUG: cli.azure.cli.core.auth.persistence: build_persistence: location='/Users/pichuang/.azure/msal_token_cache.json', encrypt=False
DEBUG: cli.azure.cli.core.auth.binary_cache: load: /Users/pichuang/.azure/msal_http_cache.bin
DEBUG: urllib3.util.retry: Converted retries value: 1 -> Retry(total=1, connect=None, read=None, redirect=None, status=None)
DEBUG: msal.authority: openid_config = {'token_endpoint': 'https://login.microsoftonline.com/60c041af-d3e5-4152-a034-e8e449c34ab4/oauth2/v2.0/token', 'token_endpoint_auth_methods_supported': ['client_secret_post', 'private_key_jwt', 'client_secret_basic'], 'jwks_uri': 'https://login.microsoftonline.com/60c041af-d3e5-4152-a034-e8e449c34ab4/discovery/v2.0/keys', 'response_modes_supported': ['query', 'fragment', 'form_post'], 'subject_types_supported': ['pairwise'], 'id_token_signing_alg_values_supported': ['RS256'], 'response_types_supported': ['code', 'id_token', 'code id_token', 'id_token token'], 'scopes_supported': ['openid', 'profile', 'email', 'offline_access'], 'issuer': 'https://login.microsoftonline.com/60c041af-d3e5-4152-a034-e8e449c34ab4/v2.0', 'request_uri_parameter_supported': False, 'userinfo_endpoint': 'https://graph.microsoft.com/oidc/userinfo', 'authorization_endpoint': 'https://login.microsoftonline.com/60c041af-d3e5-4152-a034-e8e449c34ab4/oauth2/v2.0/authorize', 'device_authorization_endpoint': 'https://login.microsoftonline.com/60c041af-d3e5-4152-a034-e8e449c34ab4/oauth2/v2.0/devicecode', 'http_logout_supported': True, 'frontchannel_logout_supported': True, 'end_session_endpoint': 'https://login.microsoftonline.com/60c041af-d3e5-4152-a034-e8e449c34ab4/oauth2/v2.0/logout', 'claims_supported': ['sub', 'iss', 'cloud_instance_name', 'cloud_instance_host_name', 'cloud_graph_host_name', 'msgraph_host', 'aud', 'exp', 'iat', 'auth_time', 'acr', 'nonce', 'preferred_username', 'name', 'tid', 'ver', 'at_hash', 'c_hash', 'email'], 'kerberos_endpoint': 'https://login.microsoftonline.com/60c041af-d3e5-4152-a034-e8e449c34ab4/kerberos', 'tenant_region_scope': 'NA', 'cloud_instance_name': 'microsoftonline.com', 'cloud_graph_host_name': 'graph.windows.net', 'msgraph_host': 'graph.microsoft.com', 'rbac_url': 'https://pas.windows.net'}
DEBUG: msal.application: Broker enabled? None
DEBUG: cli.azure.cli.core.auth.credential_adaptor: CredentialAdaptor.get_token: scopes=('https://management.core.windows.net//.default',), kwargs={}
DEBUG: cli.azure.cli.core.auth.msal_authentication: UserCredential.get_token: scopes=('https://management.core.windows.net//.default',), claims=None, kwargs={}
DEBUG: msal.application: Cache hit an AT
DEBUG: msal.telemetry: Generate or reuse correlation_id: d464a427-7637-4d22-b335-925fe29611cc
DEBUG: cli.azure.cli.core.sdk.policies: Request URL: 'https://management.azure.com/subscriptions/xxxxxxxx-xxxx-xxxx-xxxx-xxxxxxxxxxxx/resourcegroups/rg-anayltics?api-version=2022-09-01'
DEBUG: cli.azure.cli.core.sdk.policies: Request method: 'PUT'
DEBUG: cli.azure.cli.core.sdk.policies: Request headers:
DEBUG: cli.azure.cli.core.sdk.policies:     'Content-Type': 'application/json'
DEBUG: cli.azure.cli.core.sdk.policies:     'Content-Length': '27'
DEBUG: cli.azure.cli.core.sdk.policies:     'Accept': 'application/json'
DEBUG: cli.azure.cli.core.sdk.policies:     'x-ms-client-request-id': 'aebdd114-f0db-11ee-ac6c-76c47aa90249'
DEBUG: cli.azure.cli.core.sdk.policies:     'CommandName': 'group create'
DEBUG: cli.azure.cli.core.sdk.policies:     'ParameterSetName': '-l -n --debug'
DEBUG: cli.azure.cli.core.sdk.policies:     'User-Agent': 'AZURECLI/2.58.0 (HOMEBREW) azsdk-python-core/1.28.0 Python/3.11.8 (macOS-14.4.1-arm64-arm-64bit)'
DEBUG: cli.azure.cli.core.sdk.policies:     'Authorization': '*****'
DEBUG: cli.azure.cli.core.sdk.policies: Request body:
DEBUG: cli.azure.cli.core.sdk.policies: {"location": "TaiwanNorth"}
DEBUG: urllib3.connectionpool: Starting new HTTPS connection (1): management.azure.com:443
DEBUG: urllib3.connectionpool: https://management.azure.com:443 "PUT /subscriptions/xxxxxxxx-xxxx-xxxx-xxxx-xxxxxxxxxxxx/resourcegroups/rg-anayltics?api-version=2022-09-01 HTTP/1.1" 201 226
DEBUG: cli.azure.cli.core.sdk.policies: Response status: 201
DEBUG: cli.azure.cli.core.sdk.policies: Response headers:
DEBUG: cli.azure.cli.core.sdk.policies:     'Cache-Control': 'no-cache'
DEBUG: cli.azure.cli.core.sdk.policies:     'Pragma': 'no-cache'
DEBUG: cli.azure.cli.core.sdk.policies:     'Content-Length': '226'
DEBUG: cli.azure.cli.core.sdk.policies:     'Content-Type': 'application/json; charset=utf-8'
DEBUG: cli.azure.cli.core.sdk.policies:     'Expires': '-1'
DEBUG: cli.azure.cli.core.sdk.policies:     'x-ms-ratelimit-remaining-subscription-writes': '1199'
DEBUG: cli.azure.cli.core.sdk.policies:     'x-ms-request-id': '0887e385-625f-4483-bf8e-3be66462c0d3'
DEBUG: cli.azure.cli.core.sdk.policies:     'x-ms-correlation-request-id': '0887e385-625f-4483-bf8e-3be66462c0d3'
DEBUG: cli.azure.cli.core.sdk.policies:     'x-ms-routing-request-id': 'JAPANWEST:20240402T102804Z:0887e385-625f-4483-bf8e-3be66462c0d3'
DEBUG: cli.azure.cli.core.sdk.policies:     'Strict-Transport-Security': 'max-age=31536000; includeSubDomains'
DEBUG: cli.azure.cli.core.sdk.policies:     'X-Content-Type-Options': 'nosniff'
DEBUG: cli.azure.cli.core.sdk.policies:     'X-Cache': 'CONFIG_NOCACHE'
DEBUG: cli.azure.cli.core.sdk.policies:     'X-MSEdge-Ref': 'Ref A: 1FF68FB841CC4114AD1CEFB1693D527A Ref B: TYO201100115039 Ref C: 2024-04-02T10:28:02Z'
DEBUG: cli.azure.cli.core.sdk.policies:     'Date': 'Tue, 02 Apr 2024 10:28:03 GMT'
DEBUG: cli.azure.cli.core.sdk.policies: Response content:
DEBUG: cli.azure.cli.core.sdk.policies: {"id":"/subscriptions/xxxxxxxx-xxxx-xxxx-xxxx-xxxxxxxxxxxx/resourceGroups/rg-anayltics","name":"rg-anayltics","type":"Microsoft.Resources/resourceGroups","location":"taiwannorth","properties":{"provisioningState":"Succeeded"}}
DEBUG: cli.knack.cli: Event: CommandInvoker.OnTransformResult [<function _resource_group_transform at 0x102ecc860>, <function _x509_from_base64_to_hex_transform at 0x102ecc900>]
DEBUG: cli.knack.cli: Event: CommandInvoker.OnFilterResult []
DEBUG: cli.knack.cli: Event: Cli.SuccessfulExecute []
DEBUG: cli.knack.cli: Event: Cli.PostExecute [<function AzCliLogging.deinit_cmd_metadata_logging at 0x102e7ad40>]
INFO: az_command_data_logger: exit code: 0
INFO: cli.__main__: Command ran in 2.766 seconds (init: 0.140, invoke: 2.626)
INFO: telemetry.main: Begin splitting cli events and extra events, total events: 1
INFO: telemetry.client: Accumulated 0 events. Flush the clients.
INFO: telemetry.main: Finish splitting cli events and extra events, cli events: 1
INFO: telemetry.save: Save telemetry record of length 3681 in cache
INFO: telemetry.main: Begin creating telemetry upload process.
INFO: telemetry.process: Creating upload process: "/opt/homebrew/Cellar/azure-cli/2.58.0/libexec/bin/python /opt/homebrew/Cellar/azure-cli/2.58.0/libexec/lib/python3.11/site-packages/azure/cli/telemetry/__init__.py /Users/pichuang/.azure"
INFO: telemetry.process: Return from creating process
INFO: telemetry.main: Finish creating telemetry upload process.
{
  "id": "/subscriptions/xxxxxxxx-xxxx-xxxx-xxxx-xxxxxxxxxxxx/resourceGroups/rg-anayltics",
  "location": "taiwannorth",
  "managedBy": null,
  "name": "rg-anayltics",
  "properties": {
    "provisioningState": "Succeeded"
  },
  "tags": null,
  "type": "Microsoft.Resources/resourceGroups"
}
