DEBUG: cli.knack.cli: Command arguments: ['vmss', 'delete', '--name', 'MyVmss', '-g', 'rg-anayltics', '--force-deletion', '--debug']
DEBUG: cli.knack.cli: __init__ debug log:
Cannot enable color.
DEBUG: cli.knack.cli: Event: Cli.PreExecute []
DEBUG: cli.knack.cli: Event: CommandParser.OnGlobalArgumentsCreate [<function CLILogging.on_global_arguments at 0x1017051c0>, <function OutputProducer.on_global_arguments at 0x1017b0360>, <function CLIQuery.on_global_arguments at 0x1017e1e40>]
DEBUG: cli.knack.cli: Event: CommandInvoker.OnPreCommandTableCreate []
DEBUG: cli.azure.cli.core: Modules found from index for 'vmss': ['azure.cli.command_modules.vm']
DEBUG: cli.azure.cli.core: Loading command modules:
DEBUG: cli.azure.cli.core: Name                  Load Time    Groups  Commands
DEBUG: cli.azure.cli.core: vm                        0.167        60       241
DEBUG: cli.azure.cli.core: Total (1)                 0.167        60       241
DEBUG: cli.azure.cli.core: These extensions are not installed and will be skipped: ['azext_ai_examples', 'azext_next']
DEBUG: cli.azure.cli.core: Loading extensions:
DEBUG: cli.azure.cli.core: Name                  Load Time    Groups  Commands  Directory
DEBUG: cli.azure.cli.core: Total (0)                 0.000         0         0
DEBUG: cli.azure.cli.core: Loaded 60 groups, 241 commands.
DEBUG: cli.azure.cli.core: Found a match in the command table.
DEBUG: cli.azure.cli.core: Raw command  : vmss delete
DEBUG: cli.azure.cli.core: Command table: vmss delete
DEBUG: cli.knack.cli: Event: CommandInvoker.OnPreCommandTableTruncate [<function AzCliLogging.init_command_file_logging at 0x10251eac0>]
DEBUG: cli.azure.cli.core.azlogging: metadata file logging enabled - writing logs to '/Users/pichuang/.azure/commands/2024-04-02.19-03-00.vmss_delete.91590.log'.
INFO: az_command_data_logger: command args: vmss delete --name {} -g {} --force-deletion --debug
DEBUG: cli.knack.cli: Event: CommandInvoker.OnPreArgumentLoad [<function register_global_subscription_argument.<locals>.add_subscription_parameter at 0x1025737e0>]
DEBUG: cli.knack.cli: Event: CommandInvoker.OnPostArgumentLoad []
DEBUG: cli.knack.cli: Event: CommandInvoker.OnPostCommandTableCreate [<function register_ids_argument.<locals>.add_ids_arguments at 0x102573880>, <function register_cache_arguments.<locals>.add_cache_arguments at 0x1025739c0>]
DEBUG: cli.knack.cli: Event: CommandInvoker.OnCommandTableLoaded []
DEBUG: cli.knack.cli: Event: CommandInvoker.OnPreParseArgs []
DEBUG: cli.knack.cli: Event: CommandInvoker.OnPostParseArgs [<function OutputProducer.handle_output_argument at 0x1017b0400>, <function CLIQuery.handle_query_parameter at 0x1017e1ee0>, <function register_ids_argument.<locals>.parse_ids_arguments at 0x102573920>]
DEBUG: cli.azure.cli.core.auth.persistence: build_persistence: location='/Users/pichuang/.azure/msal_token_cache.json', encrypt=False
DEBUG: cli.azure.cli.core.auth.binary_cache: load: /Users/pichuang/.azure/msal_http_cache.bin
DEBUG: urllib3.util.retry: Converted retries value: 1 -> Retry(total=1, connect=None, read=None, redirect=None, status=None)
DEBUG: msal.authority: openid_config = {'token_endpoint': 'https://login.microsoftonline.com/60c041af-d3e5-4152-a034-e8e449c34ab4/oauth2/v2.0/token', 'token_endpoint_auth_methods_supported': ['client_secret_post', 'private_key_jwt', 'client_secret_basic'], 'jwks_uri': 'https://login.microsoftonline.com/60c041af-d3e5-4152-a034-e8e449c34ab4/discovery/v2.0/keys', 'response_modes_supported': ['query', 'fragment', 'form_post'], 'subject_types_supported': ['pairwise'], 'id_token_signing_alg_values_supported': ['RS256'], 'response_types_supported': ['code', 'id_token', 'code id_token', 'id_token token'], 'scopes_supported': ['openid', 'profile', 'email', 'offline_access'], 'issuer': 'https://login.microsoftonline.com/60c041af-d3e5-4152-a034-e8e449c34ab4/v2.0', 'request_uri_parameter_supported': False, 'userinfo_endpoint': 'https://graph.microsoft.com/oidc/userinfo', 'authorization_endpoint': 'https://login.microsoftonline.com/60c041af-d3e5-4152-a034-e8e449c34ab4/oauth2/v2.0/authorize', 'device_authorization_endpoint': 'https://login.microsoftonline.com/60c041af-d3e5-4152-a034-e8e449c34ab4/oauth2/v2.0/devicecode', 'http_logout_supported': True, 'frontchannel_logout_supported': True, 'end_session_endpoint': 'https://login.microsoftonline.com/60c041af-d3e5-4152-a034-e8e449c34ab4/oauth2/v2.0/logout', 'claims_supported': ['sub', 'iss', 'cloud_instance_name', 'cloud_instance_host_name', 'cloud_graph_host_name', 'msgraph_host', 'aud', 'exp', 'iat', 'auth_time', 'acr', 'nonce', 'preferred_username', 'name', 'tid', 'ver', 'at_hash', 'c_hash', 'email'], 'kerberos_endpoint': 'https://login.microsoftonline.com/60c041af-d3e5-4152-a034-e8e449c34ab4/kerberos', 'tenant_region_scope': 'NA', 'cloud_instance_name': 'microsoftonline.com', 'cloud_graph_host_name': 'graph.windows.net', 'msgraph_host': 'graph.microsoft.com', 'rbac_url': 'https://pas.windows.net'}
DEBUG: msal.application: Broker enabled? None
DEBUG: cli.azure.cli.core.auth.credential_adaptor: CredentialAdaptor.get_token: scopes=('https://management.core.windows.net//.default',), kwargs={}
DEBUG: cli.azure.cli.core.auth.msal_authentication: UserCredential.get_token: scopes=('https://management.core.windows.net//.default',), claims=None, kwargs={}
DEBUG: msal.application: Cache hit an AT
DEBUG: msal.telemetry: Generate or reuse correlation_id: 30b4395a-23ec-40c9-b769-6e82d1eaf065
DEBUG: cli.azure.cli.core.sdk.policies: Request URL: 'https://management.azure.com/subscriptions/xxxxxxxx-xxxx-xxxx-xxxx-xxxxxxxxxxxx/resourceGroups/rg-anayltics/providers/Microsoft.Compute/virtualMachineScaleSets/MyVmss?forceDeletion=true&api-version=2023-09-01'
DEBUG: cli.azure.cli.core.sdk.policies: Request method: 'DELETE'
DEBUG: cli.azure.cli.core.sdk.policies: Request headers:
DEBUG: cli.azure.cli.core.sdk.policies:     'x-ms-client-request-id': '9171cc78-f0e0-11ee-bce5-76c47aa90249'
DEBUG: cli.azure.cli.core.sdk.policies:     'CommandName': 'vmss delete'
DEBUG: cli.azure.cli.core.sdk.policies:     'ParameterSetName': '--name -g --force-deletion --debug'
DEBUG: cli.azure.cli.core.sdk.policies:     'User-Agent': 'AZURECLI/2.58.0 (HOMEBREW) azsdk-python-core/1.28.0 Python/3.11.8 (macOS-14.4.1-arm64-arm-64bit)'
DEBUG: cli.azure.cli.core.sdk.policies:     'Authorization': '*****'
DEBUG: cli.azure.cli.core.sdk.policies: Request body:
DEBUG: cli.azure.cli.core.sdk.policies: This request has no body
DEBUG: urllib3.connectionpool: Starting new HTTPS connection (1): management.azure.com:443
DEBUG: urllib3.connectionpool: https://management.azure.com:443 "DELETE /subscriptions/xxxxxxxx-xxxx-xxxx-xxxx-xxxxxxxxxxxx/resourceGroups/rg-anayltics/providers/Microsoft.Compute/virtualMachineScaleSets/MyVmss?forceDeletion=true&api-version=2023-09-01 HTTP/1.1" 202 0
DEBUG: cli.azure.cli.core.sdk.policies: Response status: 202
DEBUG: cli.azure.cli.core.sdk.policies: Response headers:
DEBUG: cli.azure.cli.core.sdk.policies:     'Cache-Control': 'no-cache'
DEBUG: cli.azure.cli.core.sdk.policies:     'Pragma': 'no-cache'
DEBUG: cli.azure.cli.core.sdk.policies:     'Expires': '-1'
DEBUG: cli.azure.cli.core.sdk.policies:     'Location': 'https://management.azure.com/subscriptions/xxxxxxxx-xxxx-xxxx-xxxx-xxxxxxxxxxxx/providers/Microsoft.Compute/locations/TaiwanNorth/operations/7d1fab80-e597-4c79-8028-88a5fbac31e9?p=fc5b00a6-f760-4a0f-bf0b-7d5a2cd17907&monitor=true&api-version=2023-09-01&t=638476525809447818&c=MIIHADCCBeigAwIBAgITHgPpxUXboRMa1MKXpgAAA-nFRTANBgkqhkiG9w0BAQsFADBEMRMwEQYKCZImiZPyLGQBGRYDR0JMMRMwEQYKCZImiZPyLGQBGRYDQU1FMRgwFgYDVQQDEw9BTUUgSW5mcmEgQ0EgMDYwHhcNMjQwMTMxMDEyODE0WhcNMjUwMTI1MDEyODE0WjBAMT4wPAYDVQQDEzVhc3luY29wZXJhdGlvbnNpZ25pbmdjZXJ0aWZpY2F0ZS5tYW5hZ2VtZW50LmF6dXJlLmNvbTCCASIwDQYJKoZIhvcNAQEBBQADggEPADCCAQoCggEBALigL_YnYGZkISCK9BFT_dzpf963u9bRlY_IhMLl8TQ-WhRb_jA3SHowq9D2t_7jJQKGI6GCCp7rr_bZzTa8pQN0C79lTnY73uIO4_vOTLEbO-r_WF4dIaOg1uhvkHUiwSieW1h1jjj7k_SIuMHohy7tAM8iZ7-ZfFZtnQlOn2e3i4JeBaiEwNF6m94GOMe29LMbaearVgY8Q9dpoqHRILM6oc_lOriZ7rsNAjKOxUZcp1Fo9palZ-3PsJ20ivSPfnC4uawbHqM6z14aGUgr9gJQWitq-3CYzqxU1A3majqauDuR74sxRgfJpBe8xHH2ykGfx9eRrJVbo9gtcbtMplUCAwEAAaOCA-0wggPpMCcGCSsGAQQBgjcVCgQaMBgwCgYIKwYBBQUHAwEwCgYIKwYBBQUHAwIwPQYJKwYBBAGCNxUHBDAwLgYmKwYBBAGCNxUIhpDjDYTVtHiE8Ys-hZvdFs6dEoFggvX2K4Py0SACAWQCAQowggHLBggrBgEFBQcBAQSCAb0wggG5MGMGCCsGAQUFBzAChldodHRwOi8vY3JsLm1pY3Jvc29mdC5jb20vcGtpaW5mcmEvQ2VydHMvQkwyUEtJSU5UQ0EwMi5BTUUuR0JMX0FNRSUyMEluZnJhJTIwQ0ElMjAwNi5jcnQwUwYIKwYBBQUHMAKGR2h0dHA6Ly9jcmwxLmFtZS5nYmwvYWlhL0JMMlBLSUlOVENBMDIuQU1FLkdCTF9BTUUlMjBJbmZyYSUyMENBJTIwMDYuY3J0MFMGCCsGAQUFBzAChkdodHRwOi8vY3JsMi5hbWUuZ2JsL2FpYS9CTDJQS0lJTlRDQTAyLkFNRS5HQkxfQU1FJTIwSW5mcmElMjBDQSUyMDA2LmNydDBTBggrBgEFBQcwAoZHaHR0cDovL2NybDMuYW1lLmdibC9haWEvQkwyUEtJSU5UQ0EwMi5BTUUuR0JMX0FNRSUyMEluZnJhJTIwQ0ElMjAwNi5jcnQwUwYIKwYBBQUHMAKGR2h0dHA6Ly9jcmw0LmFtZS5nYmwvYWlhL0JMMlBLSUlOVENBMDIuQU1FLkdCTF9BTUUlMjBJbmZyYSUyMENBJTIwMDYuY3J0MB0GA1UdDgQWBBQPt2y76WhKhKfsmhaKSl6_-ABVUzAOBgNVHQ8BAf8EBAMCBaAwggEmBgNVHR8EggEdMIIBGTCCARWgggERoIIBDYY_aHR0cDovL2NybC5taWNyb3NvZnQuY29tL3BraWluZnJhL0NSTC9BTUUlMjBJbmZyYSUyMENBJTIwMDYuY3JshjFodHRwOi8vY3JsMS5hbWUuZ2JsL2NybC9BTUUlMjBJbmZyYSUyMENBJTIwMDYuY3JshjFodHRwOi8vY3JsMi5hbWUuZ2JsL2NybC9BTUUlMjBJbmZyYSUyMENBJTIwMDYuY3JshjFodHRwOi8vY3JsMy5hbWUuZ2JsL2NybC9BTUUlMjBJbmZyYSUyMENBJTIwMDYuY3JshjFodHRwOi8vY3JsNC5hbWUuZ2JsL2NybC9BTUUlMjBJbmZyYSUyMENBJTIwMDYuY3JsMBcGA1UdIAQQMA4wDAYKKwYBBAGCN3sBATAfBgNVHSMEGDAWgBTxRmjG8cPwKy19i2rhsvm-NfzRQTAdBgNVHSUEFjAUBggrBgEFBQcDAQYIKwYBBQUHAwIwDQYJKoZIhvcNAQELBQADggEBAKfiXIDVAa163uWLQJ_KFJsJINDdJsPSYCj10C9FzlRIDm8NLFTcqHUht2yzNYw9sA0XiYBlshas0NHr_NjnK0vPf1AFoIyNw9OdZs75NKY4kH247gfF_AS1HoQheB_afmz95Kg4gW5BkeRfe92S6InmCXmdMN7m4vzQEeTuhvRoGh2iXCWxstqVMx28FAQxHa3Prn8dFtxou7RnYaFULimejLV78X4z6uHJwh1OmW9uhn3qd1LDrR7JAljm4WMGkEGOhjJfM5_k-EZGiorRgudd5Jd9zM4oxFvG6mwyZy5dGBJRbH-yBernSv2B_wejt8UxccrqN-zuk7CfQWoYGh0&s=Dfz4nEEiy6rUsnS2yayWmJBQfzmPyshNeUtr6Z4vyJ3YE2myOfJ-9CwP63HwyEZNOcpwS-h5a84umRRHkK9-RoDxHdfkVASjE1ZupLRECnXvkQf_lfctCVMVbjpsl1tsworpZgzlQ1_vUEGapXDwWXzA9kSTjPAsVy5t24kobBOEw5n5jw_nhmkIY9hGRCeixVt2EZWF8YgHvVm7i2tHO4WpPm0POQEvSQ9wfZ3ye4nfLtrqnB7FYx5rn6wHUAjr53O8hVV8QaRJDu3JogNh1ntuvkqVg-a3cWOsAtXkfOoQyio-ADy9VAE8rRYPePyNHE2UjaH7gTDDfMuLj3D7jA&h=94vzjzZM6MwvhuL_1rEkviYCMd6y5D879jjorjeY-Ks'
DEBUG: cli.azure.cli.core.sdk.policies:     'Azure-AsyncOperation': 'https://management.azure.com/subscriptions/xxxxxxxx-xxxx-xxxx-xxxx-xxxxxxxxxxxx/providers/Microsoft.Compute/locations/TaiwanNorth/operations/7d1fab80-e597-4c79-8028-88a5fbac31e9?p=fc5b00a6-f760-4a0f-bf0b-7d5a2cd17907&api-version=2023-09-01&t=638476525809290966&c=MIIHADCCBeigAwIBAgITHgPpxUXboRMa1MKXpgAAA-nFRTANBgkqhkiG9w0BAQsFADBEMRMwEQYKCZImiZPyLGQBGRYDR0JMMRMwEQYKCZImiZPyLGQBGRYDQU1FMRgwFgYDVQQDEw9BTUUgSW5mcmEgQ0EgMDYwHhcNMjQwMTMxMDEyODE0WhcNMjUwMTI1MDEyODE0WjBAMT4wPAYDVQQDEzVhc3luY29wZXJhdGlvbnNpZ25pbmdjZXJ0aWZpY2F0ZS5tYW5hZ2VtZW50LmF6dXJlLmNvbTCCASIwDQYJKoZIhvcNAQEBBQADggEPADCCAQoCggEBALigL_YnYGZkISCK9BFT_dzpf963u9bRlY_IhMLl8TQ-WhRb_jA3SHowq9D2t_7jJQKGI6GCCp7rr_bZzTa8pQN0C79lTnY73uIO4_vOTLEbO-r_WF4dIaOg1uhvkHUiwSieW1h1jjj7k_SIuMHohy7tAM8iZ7-ZfFZtnQlOn2e3i4JeBaiEwNF6m94GOMe29LMbaearVgY8Q9dpoqHRILM6oc_lOriZ7rsNAjKOxUZcp1Fo9palZ-3PsJ20ivSPfnC4uawbHqM6z14aGUgr9gJQWitq-3CYzqxU1A3majqauDuR74sxRgfJpBe8xHH2ykGfx9eRrJVbo9gtcbtMplUCAwEAAaOCA-0wggPpMCcGCSsGAQQBgjcVCgQaMBgwCgYIKwYBBQUHAwEwCgYIKwYBBQUHAwIwPQYJKwYBBAGCNxUHBDAwLgYmKwYBBAGCNxUIhpDjDYTVtHiE8Ys-hZvdFs6dEoFggvX2K4Py0SACAWQCAQowggHLBggrBgEFBQcBAQSCAb0wggG5MGMGCCsGAQUFBzAChldodHRwOi8vY3JsLm1pY3Jvc29mdC5jb20vcGtpaW5mcmEvQ2VydHMvQkwyUEtJSU5UQ0EwMi5BTUUuR0JMX0FNRSUyMEluZnJhJTIwQ0ElMjAwNi5jcnQwUwYIKwYBBQUHMAKGR2h0dHA6Ly9jcmwxLmFtZS5nYmwvYWlhL0JMMlBLSUlOVENBMDIuQU1FLkdCTF9BTUUlMjBJbmZyYSUyMENBJTIwMDYuY3J0MFMGCCsGAQUFBzAChkdodHRwOi8vY3JsMi5hbWUuZ2JsL2FpYS9CTDJQS0lJTlRDQTAyLkFNRS5HQkxfQU1FJTIwSW5mcmElMjBDQSUyMDA2LmNydDBTBggrBgEFBQcwAoZHaHR0cDovL2NybDMuYW1lLmdibC9haWEvQkwyUEtJSU5UQ0EwMi5BTUUuR0JMX0FNRSUyMEluZnJhJTIwQ0ElMjAwNi5jcnQwUwYIKwYBBQUHMAKGR2h0dHA6Ly9jcmw0LmFtZS5nYmwvYWlhL0JMMlBLSUlOVENBMDIuQU1FLkdCTF9BTUUlMjBJbmZyYSUyMENBJTIwMDYuY3J0MB0GA1UdDgQWBBQPt2y76WhKhKfsmhaKSl6_-ABVUzAOBgNVHQ8BAf8EBAMCBaAwggEmBgNVHR8EggEdMIIBGTCCARWgggERoIIBDYY_aHR0cDovL2NybC5taWNyb3NvZnQuY29tL3BraWluZnJhL0NSTC9BTUUlMjBJbmZyYSUyMENBJTIwMDYuY3JshjFodHRwOi8vY3JsMS5hbWUuZ2JsL2NybC9BTUUlMjBJbmZyYSUyMENBJTIwMDYuY3JshjFodHRwOi8vY3JsMi5hbWUuZ2JsL2NybC9BTUUlMjBJbmZyYSUyMENBJTIwMDYuY3JshjFodHRwOi8vY3JsMy5hbWUuZ2JsL2NybC9BTUUlMjBJbmZyYSUyMENBJTIwMDYuY3JshjFodHRwOi8vY3JsNC5hbWUuZ2JsL2NybC9BTUUlMjBJbmZyYSUyMENBJTIwMDYuY3JsMBcGA1UdIAQQMA4wDAYKKwYBBAGCN3sBATAfBgNVHSMEGDAWgBTxRmjG8cPwKy19i2rhsvm-NfzRQTAdBgNVHSUEFjAUBggrBgEFBQcDAQYIKwYBBQUHAwIwDQYJKoZIhvcNAQELBQADggEBAKfiXIDVAa163uWLQJ_KFJsJINDdJsPSYCj10C9FzlRIDm8NLFTcqHUht2yzNYw9sA0XiYBlshas0NHr_NjnK0vPf1AFoIyNw9OdZs75NKY4kH247gfF_AS1HoQheB_afmz95Kg4gW5BkeRfe92S6InmCXmdMN7m4vzQEeTuhvRoGh2iXCWxstqVMx28FAQxHa3Prn8dFtxou7RnYaFULimejLV78X4z6uHJwh1OmW9uhn3qd1LDrR7JAljm4WMGkEGOhjJfM5_k-EZGiorRgudd5Jd9zM4oxFvG6mwyZy5dGBJRbH-yBernSv2B_wejt8UxccrqN-zuk7CfQWoYGh0&s=k6R2tLNRuS0vURJqc99NSHGlZZwBHFKjArgb5t4pz08eCb28fyeSRe5zoVP4nYYl5MW7YDsfjYI2m9LuwnDT8_LrYR5uJIyxc3315WFKP9W9tA29FZdBzOWW1jHh7qTYqMI2I_SycjkGh8TMR9hLInmLAgi2pcJzmoHHNBoVwzOvny1Pub2r4rRviVt0zW9bb7eRYyWrvBVSWGLCN7DmLUp64L67_4QZ2HIl9WlEKj6flrPiwN6mIxFxJyQ6LozSk3ZV-dQqtjp01_2W-mwuoGqJKu26u0TbRwAy5wPj7iKuwKW6h91v6AW4DZKUGiz-BdtrA4ofYBgGNtx13FpjVQ&h=S--M9Jqf3bOT3JTtKNE_iiRcVafoGfzMrgpUCtF3W-g'
DEBUG: cli.azure.cli.core.sdk.policies:     'azure-asyncnotification': 'Enabled'
DEBUG: cli.azure.cli.core.sdk.policies:     'x-ms-ratelimit-remaining-resource': 'Microsoft.Compute/DeleteVMScaleSetSubscriptionMaximum;524,Microsoft.Compute/DeleteVMScaleSetResource;11'
DEBUG: cli.azure.cli.core.sdk.policies:     'Strict-Transport-Security': 'max-age=31536000; includeSubDomains'
DEBUG: cli.azure.cli.core.sdk.policies:     'x-ms-request-id': '7d1fab80-e597-4c79-8028-88a5fbac31e9'
DEBUG: cli.azure.cli.core.sdk.policies:     'x-ms-ratelimit-remaining-subscription-deletes': '14999'
DEBUG: cli.azure.cli.core.sdk.policies:     'x-ms-correlation-request-id': '87496696-88c4-4060-aca4-2a0c2b3096be'
DEBUG: cli.azure.cli.core.sdk.policies:     'x-ms-routing-request-id': 'JAPANWEST:20240402T110300Z:87496696-88c4-4060-aca4-2a0c2b3096be'
DEBUG: cli.azure.cli.core.sdk.policies:     'X-Content-Type-Options': 'nosniff'
DEBUG: cli.azure.cli.core.sdk.policies:     'X-Cache': 'CONFIG_NOCACHE'
DEBUG: cli.azure.cli.core.sdk.policies:     'X-MSEdge-Ref': 'Ref A: DD31D8DF3B714924B54B6BBED13B1D25 Ref B: TYO201100114027 Ref C: 2024-04-02T11:03:00Z'
DEBUG: cli.azure.cli.core.sdk.policies:     'Date': 'Tue, 02 Apr 2024 11:03:00 GMT'
DEBUG: cli.azure.cli.core.sdk.policies:     'Content-Length': '0'
DEBUG: cli.azure.cli.core.sdk.policies: Response content:
DEBUG: cli.azure.cli.core.sdk.policies:
DEBUG: cli.azure.cli.core.sdk.policies: Request URL: 'https://management.azure.com/subscriptions/xxxxxxxx-xxxx-xxxx-xxxx-xxxxxxxxxxxx/providers/Microsoft.Compute/locations/TaiwanNorth/operations/7d1fab80-e597-4c79-8028-88a5fbac31e9?p=fc5b00a6-f760-4a0f-bf0b-7d5a2cd17907&api-version=2023-09-01&t=638476525809290966&c=MIIHADCCBeigAwIBAgITHgPpxUXboRMa1MKXpgAAA-nFRTANBgkqhkiG9w0BAQsFADBEMRMwEQYKCZImiZPyLGQBGRYDR0JMMRMwEQYKCZImiZPyLGQBGRYDQU1FMRgwFgYDVQQDEw9BTUUgSW5mcmEgQ0EgMDYwHhcNMjQwMTMxMDEyODE0WhcNMjUwMTI1MDEyODE0WjBAMT4wPAYDVQQDEzVhc3luY29wZXJhdGlvbnNpZ25pbmdjZXJ0aWZpY2F0ZS5tYW5hZ2VtZW50LmF6dXJlLmNvbTCCASIwDQYJKoZIhvcNAQEBBQADggEPADCCAQoCggEBALigL_YnYGZkISCK9BFT_dzpf963u9bRlY_IhMLl8TQ-WhRb_jA3SHowq9D2t_7jJQKGI6GCCp7rr_bZzTa8pQN0C79lTnY73uIO4_vOTLEbO-r_WF4dIaOg1uhvkHUiwSieW1h1jjj7k_SIuMHohy7tAM8iZ7-ZfFZtnQlOn2e3i4JeBaiEwNF6m94GOMe29LMbaearVgY8Q9dpoqHRILM6oc_lOriZ7rsNAjKOxUZcp1Fo9palZ-3PsJ20ivSPfnC4uawbHqM6z14aGUgr9gJQWitq-3CYzqxU1A3majqauDuR74sxRgfJpBe8xHH2ykGfx9eRrJVbo9gtcbtMplUCAwEAAaOCA-0wggPpMCcGCSsGAQQBgjcVCgQaMBgwCgYIKwYBBQUHAwEwCgYIKwYBBQUHAwIwPQYJKwYBBAGCNxUHBDAwLgYmKwYBBAGCNxUIhpDjDYTVtHiE8Ys-hZvdFs6dEoFggvX2K4Py0SACAWQCAQowggHLBggrBgEFBQcBAQSCAb0wggG5MGMGCCsGAQUFBzAChldodHRwOi8vY3JsLm1pY3Jvc29mdC5jb20vcGtpaW5mcmEvQ2VydHMvQkwyUEtJSU5UQ0EwMi5BTUUuR0JMX0FNRSUyMEluZnJhJTIwQ0ElMjAwNi5jcnQwUwYIKwYBBQUHMAKGR2h0dHA6Ly9jcmwxLmFtZS5nYmwvYWlhL0JMMlBLSUlOVENBMDIuQU1FLkdCTF9BTUUlMjBJbmZyYSUyMENBJTIwMDYuY3J0MFMGCCsGAQUFBzAChkdodHRwOi8vY3JsMi5hbWUuZ2JsL2FpYS9CTDJQS0lJTlRDQTAyLkFNRS5HQkxfQU1FJTIwSW5mcmElMjBDQSUyMDA2LmNydDBTBggrBgEFBQcwAoZHaHR0cDovL2NybDMuYW1lLmdibC9haWEvQkwyUEtJSU5UQ0EwMi5BTUUuR0JMX0FNRSUyMEluZnJhJTIwQ0ElMjAwNi5jcnQwUwYIKwYBBQUHMAKGR2h0dHA6Ly9jcmw0LmFtZS5nYmwvYWlhL0JMMlBLSUlOVENBMDIuQU1FLkdCTF9BTUUlMjBJbmZyYSUyMENBJTIwMDYuY3J0MB0GA1UdDgQWBBQPt2y76WhKhKfsmhaKSl6_-ABVUzAOBgNVHQ8BAf8EBAMCBaAwggEmBgNVHR8EggEdMIIBGTCCARWgggERoIIBDYY_aHR0cDovL2NybC5taWNyb3NvZnQuY29tL3BraWluZnJhL0NSTC9BTUUlMjBJbmZyYSUyMENBJTIwMDYuY3JshjFodHRwOi8vY3JsMS5hbWUuZ2JsL2NybC9BTUUlMjBJbmZyYSUyMENBJTIwMDYuY3JshjFodHRwOi8vY3JsMi5hbWUuZ2JsL2NybC9BTUUlMjBJbmZyYSUyMENBJTIwMDYuY3JshjFodHRwOi8vY3JsMy5hbWUuZ2JsL2NybC9BTUUlMjBJbmZyYSUyMENBJTIwMDYuY3JshjFodHRwOi8vY3JsNC5hbWUuZ2JsL2NybC9BTUUlMjBJbmZyYSUyMENBJTIwMDYuY3JsMBcGA1UdIAQQMA4wDAYKKwYBBAGCN3sBATAfBgNVHSMEGDAWgBTxRmjG8cPwKy19i2rhsvm-NfzRQTAdBgNVHSUEFjAUBggrBgEFBQcDAQYIKwYBBQUHAwIwDQYJKoZIhvcNAQELBQADggEBAKfiXIDVAa163uWLQJ_KFJsJINDdJsPSYCj10C9FzlRIDm8NLFTcqHUht2yzNYw9sA0XiYBlshas0NHr_NjnK0vPf1AFoIyNw9OdZs75NKY4kH247gfF_AS1HoQheB_afmz95Kg4gW5BkeRfe92S6InmCXmdMN7m4vzQEeTuhvRoGh2iXCWxstqVMx28FAQxHa3Prn8dFtxou7RnYaFULimejLV78X4z6uHJwh1OmW9uhn3qd1LDrR7JAljm4WMGkEGOhjJfM5_k-EZGiorRgudd5Jd9zM4oxFvG6mwyZy5dGBJRbH-yBernSv2B_wejt8UxccrqN-zuk7CfQWoYGh0&s=k6R2tLNRuS0vURJqc99NSHGlZZwBHFKjArgb5t4pz08eCb28fyeSRe5zoVP4nYYl5MW7YDsfjYI2m9LuwnDT8_LrYR5uJIyxc3315WFKP9W9tA29FZdBzOWW1jHh7qTYqMI2I_SycjkGh8TMR9hLInmLAgi2pcJzmoHHNBoVwzOvny1Pub2r4rRviVt0zW9bb7eRYyWrvBVSWGLCN7DmLUp64L67_4QZ2HIl9WlEKj6flrPiwN6mIxFxJyQ6LozSk3ZV-dQqtjp01_2W-mwuoGqJKu26u0TbRwAy5wPj7iKuwKW6h91v6AW4DZKUGiz-BdtrA4ofYBgGNtx13FpjVQ&h=S--M9Jqf3bOT3JTtKNE_iiRcVafoGfzMrgpUCtF3W-g'
DEBUG: cli.azure.cli.core.sdk.policies: Request method: 'GET'
DEBUG: cli.azure.cli.core.sdk.policies: Request headers:
DEBUG: cli.azure.cli.core.sdk.policies:     'x-ms-client-request-id': '9171cc78-f0e0-11ee-bce5-76c47aa90249'
DEBUG: cli.azure.cli.core.sdk.policies:     'CommandName': 'vmss delete'
DEBUG: cli.azure.cli.core.sdk.policies:     'ParameterSetName': '--name -g --force-deletion --debug'
DEBUG: cli.azure.cli.core.sdk.policies:     'User-Agent': 'AZURECLI/2.58.0 (HOMEBREW) azsdk-python-core/1.28.0 Python/3.11.8 (macOS-14.4.1-arm64-arm-64bit)'
DEBUG: cli.azure.cli.core.sdk.policies:     'Authorization': '*****'
DEBUG: cli.azure.cli.core.sdk.policies: Request body:
DEBUG: cli.azure.cli.core.sdk.policies: This request has no body
DEBUG: urllib3.connectionpool: https://management.azure.com:443 "GET /subscriptions/xxxxxxxx-xxxx-xxxx-xxxx-xxxxxxxxxxxx/providers/Microsoft.Compute/locations/TaiwanNorth/operations/7d1fab80-e597-4c79-8028-88a5fbac31e9?p=fc5b00a6-f760-4a0f-bf0b-7d5a2cd17907&api-version=2023-09-01&t=638476525809290966&c=MIIHADCCBeigAwIBAgITHgPpxUXboRMa1MKXpgAAA-nFRTANBgkqhkiG9w0BAQsFADBEMRMwEQYKCZImiZPyLGQBGRYDR0JMMRMwEQYKCZImiZPyLGQBGRYDQU1FMRgwFgYDVQQDEw9BTUUgSW5mcmEgQ0EgMDYwHhcNMjQwMTMxMDEyODE0WhcNMjUwMTI1MDEyODE0WjBAMT4wPAYDVQQDEzVhc3luY29wZXJhdGlvbnNpZ25pbmdjZXJ0aWZpY2F0ZS5tYW5hZ2VtZW50LmF6dXJlLmNvbTCCASIwDQYJKoZIhvcNAQEBBQADggEPADCCAQoCggEBALigL_YnYGZkISCK9BFT_dzpf963u9bRlY_IhMLl8TQ-WhRb_jA3SHowq9D2t_7jJQKGI6GCCp7rr_bZzTa8pQN0C79lTnY73uIO4_vOTLEbO-r_WF4dIaOg1uhvkHUiwSieW1h1jjj7k_SIuMHohy7tAM8iZ7-ZfFZtnQlOn2e3i4JeBaiEwNF6m94GOMe29LMbaearVgY8Q9dpoqHRILM6oc_lOriZ7rsNAjKOxUZcp1Fo9palZ-3PsJ20ivSPfnC4uawbHqM6z14aGUgr9gJQWitq-3CYzqxU1A3majqauDuR74sxRgfJpBe8xHH2ykGfx9eRrJVbo9gtcbtMplUCAwEAAaOCA-0wggPpMCcGCSsGAQQBgjcVCgQaMBgwCgYIKwYBBQUHAwEwCgYIKwYBBQUHAwIwPQYJKwYBBAGCNxUHBDAwLgYmKwYBBAGCNxUIhpDjDYTVtHiE8Ys-hZvdFs6dEoFggvX2K4Py0SACAWQCAQowggHLBggrBgEFBQcBAQSCAb0wggG5MGMGCCsGAQUFBzAChldodHRwOi8vY3JsLm1pY3Jvc29mdC5jb20vcGtpaW5mcmEvQ2VydHMvQkwyUEtJSU5UQ0EwMi5BTUUuR0JMX0FNRSUyMEluZnJhJTIwQ0ElMjAwNi5jcnQwUwYIKwYBBQUHMAKGR2h0dHA6Ly9jcmwxLmFtZS5nYmwvYWlhL0JMMlBLSUlOVENBMDIuQU1FLkdCTF9BTUUlMjBJbmZyYSUyMENBJTIwMDYuY3J0MFMGCCsGAQUFBzAChkdodHRwOi8vY3JsMi5hbWUuZ2JsL2FpYS9CTDJQS0lJTlRDQTAyLkFNRS5HQkxfQU1FJTIwSW5mcmElMjBDQSUyMDA2LmNydDBTBggrBgEFBQcwAoZHaHR0cDovL2NybDMuYW1lLmdibC9haWEvQkwyUEtJSU5UQ0EwMi5BTUUuR0JMX0FNRSUyMEluZnJhJTIwQ0ElMjAwNi5jcnQwUwYIKwYBBQUHMAKGR2h0dHA6Ly9jcmw0LmFtZS5nYmwvYWlhL0JMMlBLSUlOVENBMDIuQU1FLkdCTF9BTUUlMjBJbmZyYSUyMENBJTIwMDYuY3J0MB0GA1UdDgQWBBQPt2y76WhKhKfsmhaKSl6_-ABVUzAOBgNVHQ8BAf8EBAMCBaAwggEmBgNVHR8EggEdMIIBGTCCARWgggERoIIBDYY_aHR0cDovL2NybC5taWNyb3NvZnQuY29tL3BraWluZnJhL0NSTC9BTUUlMjBJbmZyYSUyMENBJTIwMDYuY3JshjFodHRwOi8vY3JsMS5hbWUuZ2JsL2NybC9BTUUlMjBJbmZyYSUyMENBJTIwMDYuY3JshjFodHRwOi8vY3JsMi5hbWUuZ2JsL2NybC9BTUUlMjBJbmZyYSUyMENBJTIwMDYuY3JshjFodHRwOi8vY3JsMy5hbWUuZ2JsL2NybC9BTUUlMjBJbmZyYSUyMENBJTIwMDYuY3JshjFodHRwOi8vY3JsNC5hbWUuZ2JsL2NybC9BTUUlMjBJbmZyYSUyMENBJTIwMDYuY3JsMBcGA1UdIAQQMA4wDAYKKwYBBAGCN3sBATAfBgNVHSMEGDAWgBTxRmjG8cPwKy19i2rhsvm-NfzRQTAdBgNVHSUEFjAUBggrBgEFBQcDAQYIKwYBBQUHAwIwDQYJKoZIhvcNAQELBQADggEBAKfiXIDVAa163uWLQJ_KFJsJINDdJsPSYCj10C9FzlRIDm8NLFTcqHUht2yzNYw9sA0XiYBlshas0NHr_NjnK0vPf1AFoIyNw9OdZs75NKY4kH247gfF_AS1HoQheB_afmz95Kg4gW5BkeRfe92S6InmCXmdMN7m4vzQEeTuhvRoGh2iXCWxstqVMx28FAQxHa3Prn8dFtxou7RnYaFULimejLV78X4z6uHJwh1OmW9uhn3qd1LDrR7JAljm4WMGkEGOhjJfM5_k-EZGiorRgudd5Jd9zM4oxFvG6mwyZy5dGBJRbH-yBernSv2B_wejt8UxccrqN-zuk7CfQWoYGh0&s=k6R2tLNRuS0vURJqc99NSHGlZZwBHFKjArgb5t4pz08eCb28fyeSRe5zoVP4nYYl5MW7YDsfjYI2m9LuwnDT8_LrYR5uJIyxc3315WFKP9W9tA29FZdBzOWW1jHh7qTYqMI2I_SycjkGh8TMR9hLInmLAgi2pcJzmoHHNBoVwzOvny1Pub2r4rRviVt0zW9bb7eRYyWrvBVSWGLCN7DmLUp64L67_4QZ2HIl9WlEKj6flrPiwN6mIxFxJyQ6LozSk3ZV-dQqtjp01_2W-mwuoGqJKu26u0TbRwAy5wPj7iKuwKW6h91v6AW4DZKUGiz-BdtrA4ofYBgGNtx13FpjVQ&h=S--M9Jqf3bOT3JTtKNE_iiRcVafoGfzMrgpUCtF3W-g HTTP/1.1" 200 134
DEBUG: cli.azure.cli.core.sdk.policies: Response status: 200
DEBUG: cli.azure.cli.core.sdk.policies: Response headers:
DEBUG: cli.azure.cli.core.sdk.policies:     'Cache-Control': 'no-cache'
DEBUG: cli.azure.cli.core.sdk.policies:     'Pragma': 'no-cache'
DEBUG: cli.azure.cli.core.sdk.policies:     'Content-Length': '134'
DEBUG: cli.azure.cli.core.sdk.policies:     'Content-Type': 'application/json; charset=utf-8'
DEBUG: cli.azure.cli.core.sdk.policies:     'Expires': '-1'
DEBUG: cli.azure.cli.core.sdk.policies:     'x-ms-ratelimit-remaining-resource': 'Microsoft.Compute/GetOperationResource;44,Microsoft.Compute/GetOperationSubscriptionMaximum;14999'
DEBUG: cli.azure.cli.core.sdk.policies:     'Strict-Transport-Security': 'max-age=31536000; includeSubDomains'
DEBUG: cli.azure.cli.core.sdk.policies:     'x-ms-request-id': '5446641a-da54-4dbd-909b-37fede71e732'
DEBUG: cli.azure.cli.core.sdk.policies:     'x-ms-ratelimit-remaining-subscription-reads': '11997'
DEBUG: cli.azure.cli.core.sdk.policies:     'x-ms-correlation-request-id': 'f10b5ca1-f23e-4b94-b5dc-a40bb4bc1d6b'
DEBUG: cli.azure.cli.core.sdk.policies:     'x-ms-routing-request-id': 'JAPANWEST:20240402T110301Z:f10b5ca1-f23e-4b94-b5dc-a40bb4bc1d6b'
DEBUG: cli.azure.cli.core.sdk.policies:     'X-Content-Type-Options': 'nosniff'
DEBUG: cli.azure.cli.core.sdk.policies:     'X-Cache': 'CONFIG_NOCACHE'
DEBUG: cli.azure.cli.core.sdk.policies:     'X-MSEdge-Ref': 'Ref A: E1A6ABEC5F814995AC6186BBC57D43C3 Ref B: TYO201100114027 Ref C: 2024-04-02T11:03:01Z'
DEBUG: cli.azure.cli.core.sdk.policies:     'Date': 'Tue, 02 Apr 2024 11:03:00 GMT'
DEBUG: cli.azure.cli.core.sdk.policies: Response content:
DEBUG: cli.azure.cli.core.sdk.policies: {
  "startTime": "2024-04-02T11:03:00.8589668+00:00",
  "status": "InProgress",
  "name": "7d1fab80-e597-4c79-8028-88a5fbac31e9"
}
DEBUG: cli.azure.cli.core.sdk.policies: Request URL: 'https://management.azure.com/subscriptions/xxxxxxxx-xxxx-xxxx-xxxx-xxxxxxxxxxxx/providers/Microsoft.Compute/locations/TaiwanNorth/operations/7d1fab80-e597-4c79-8028-88a5fbac31e9?p=fc5b00a6-f760-4a0f-bf0b-7d5a2cd17907&api-version=2023-09-01&t=638476525809290966&c=MIIHADCCBeigAwIBAgITHgPpxUXboRMa1MKXpgAAA-nFRTANBgkqhkiG9w0BAQsFADBEMRMwEQYKCZImiZPyLGQBGRYDR0JMMRMwEQYKCZImiZPyLGQBGRYDQU1FMRgwFgYDVQQDEw9BTUUgSW5mcmEgQ0EgMDYwHhcNMjQwMTMxMDEyODE0WhcNMjUwMTI1MDEyODE0WjBAMT4wPAYDVQQDEzVhc3luY29wZXJhdGlvbnNpZ25pbmdjZXJ0aWZpY2F0ZS5tYW5hZ2VtZW50LmF6dXJlLmNvbTCCASIwDQYJKoZIhvcNAQEBBQADggEPADCCAQoCggEBALigL_YnYGZkISCK9BFT_dzpf963u9bRlY_IhMLl8TQ-WhRb_jA3SHowq9D2t_7jJQKGI6GCCp7rr_bZzTa8pQN0C79lTnY73uIO4_vOTLEbO-r_WF4dIaOg1uhvkHUiwSieW1h1jjj7k_SIuMHohy7tAM8iZ7-ZfFZtnQlOn2e3i4JeBaiEwNF6m94GOMe29LMbaearVgY8Q9dpoqHRILM6oc_lOriZ7rsNAjKOxUZcp1Fo9palZ-3PsJ20ivSPfnC4uawbHqM6z14aGUgr9gJQWitq-3CYzqxU1A3majqauDuR74sxRgfJpBe8xHH2ykGfx9eRrJVbo9gtcbtMplUCAwEAAaOCA-0wggPpMCcGCSsGAQQBgjcVCgQaMBgwCgYIKwYBBQUHAwEwCgYIKwYBBQUHAwIwPQYJKwYBBAGCNxUHBDAwLgYmKwYBBAGCNxUIhpDjDYTVtHiE8Ys-hZvdFs6dEoFggvX2K4Py0SACAWQCAQowggHLBggrBgEFBQcBAQSCAb0wggG5MGMGCCsGAQUFBzAChldodHRwOi8vY3JsLm1pY3Jvc29mdC5jb20vcGtpaW5mcmEvQ2VydHMvQkwyUEtJSU5UQ0EwMi5BTUUuR0JMX0FNRSUyMEluZnJhJTIwQ0ElMjAwNi5jcnQwUwYIKwYBBQUHMAKGR2h0dHA6Ly9jcmwxLmFtZS5nYmwvYWlhL0JMMlBLSUlOVENBMDIuQU1FLkdCTF9BTUUlMjBJbmZyYSUyMENBJTIwMDYuY3J0MFMGCCsGAQUFBzAChkdodHRwOi8vY3JsMi5hbWUuZ2JsL2FpYS9CTDJQS0lJTlRDQTAyLkFNRS5HQkxfQU1FJTIwSW5mcmElMjBDQSUyMDA2LmNydDBTBggrBgEFBQcwAoZHaHR0cDovL2NybDMuYW1lLmdibC9haWEvQkwyUEtJSU5UQ0EwMi5BTUUuR0JMX0FNRSUyMEluZnJhJTIwQ0ElMjAwNi5jcnQwUwYIKwYBBQUHMAKGR2h0dHA6Ly9jcmw0LmFtZS5nYmwvYWlhL0JMMlBLSUlOVENBMDIuQU1FLkdCTF9BTUUlMjBJbmZyYSUyMENBJTIwMDYuY3J0MB0GA1UdDgQWBBQPt2y76WhKhKfsmhaKSl6_-ABVUzAOBgNVHQ8BAf8EBAMCBaAwggEmBgNVHR8EggEdMIIBGTCCARWgggERoIIBDYY_aHR0cDovL2NybC5taWNyb3NvZnQuY29tL3BraWluZnJhL0NSTC9BTUUlMjBJbmZyYSUyMENBJTIwMDYuY3JshjFodHRwOi8vY3JsMS5hbWUuZ2JsL2NybC9BTUUlMjBJbmZyYSUyMENBJTIwMDYuY3JshjFodHRwOi8vY3JsMi5hbWUuZ2JsL2NybC9BTUUlMjBJbmZyYSUyMENBJTIwMDYuY3JshjFodHRwOi8vY3JsMy5hbWUuZ2JsL2NybC9BTUUlMjBJbmZyYSUyMENBJTIwMDYuY3JshjFodHRwOi8vY3JsNC5hbWUuZ2JsL2NybC9BTUUlMjBJbmZyYSUyMENBJTIwMDYuY3JsMBcGA1UdIAQQMA4wDAYKKwYBBAGCN3sBATAfBgNVHSMEGDAWgBTxRmjG8cPwKy19i2rhsvm-NfzRQTAdBgNVHSUEFjAUBggrBgEFBQcDAQYIKwYBBQUHAwIwDQYJKoZIhvcNAQELBQADggEBAKfiXIDVAa163uWLQJ_KFJsJINDdJsPSYCj10C9FzlRIDm8NLFTcqHUht2yzNYw9sA0XiYBlshas0NHr_NjnK0vPf1AFoIyNw9OdZs75NKY4kH247gfF_AS1HoQheB_afmz95Kg4gW5BkeRfe92S6InmCXmdMN7m4vzQEeTuhvRoGh2iXCWxstqVMx28FAQxHa3Prn8dFtxou7RnYaFULimejLV78X4z6uHJwh1OmW9uhn3qd1LDrR7JAljm4WMGkEGOhjJfM5_k-EZGiorRgudd5Jd9zM4oxFvG6mwyZy5dGBJRbH-yBernSv2B_wejt8UxccrqN-zuk7CfQWoYGh0&s=k6R2tLNRuS0vURJqc99NSHGlZZwBHFKjArgb5t4pz08eCb28fyeSRe5zoVP4nYYl5MW7YDsfjYI2m9LuwnDT8_LrYR5uJIyxc3315WFKP9W9tA29FZdBzOWW1jHh7qTYqMI2I_SycjkGh8TMR9hLInmLAgi2pcJzmoHHNBoVwzOvny1Pub2r4rRviVt0zW9bb7eRYyWrvBVSWGLCN7DmLUp64L67_4QZ2HIl9WlEKj6flrPiwN6mIxFxJyQ6LozSk3ZV-dQqtjp01_2W-mwuoGqJKu26u0TbRwAy5wPj7iKuwKW6h91v6AW4DZKUGiz-BdtrA4ofYBgGNtx13FpjVQ&h=S--M9Jqf3bOT3JTtKNE_iiRcVafoGfzMrgpUCtF3W-g'
DEBUG: cli.azure.cli.core.sdk.policies: Request method: 'GET'
DEBUG: cli.azure.cli.core.sdk.policies: Request headers:
DEBUG: cli.azure.cli.core.sdk.policies:     'x-ms-client-request-id': '9171cc78-f0e0-11ee-bce5-76c47aa90249'
DEBUG: cli.azure.cli.core.sdk.policies:     'CommandName': 'vmss delete'
DEBUG: cli.azure.cli.core.sdk.policies:     'ParameterSetName': '--name -g --force-deletion --debug'
DEBUG: cli.azure.cli.core.sdk.policies:     'User-Agent': 'AZURECLI/2.58.0 (HOMEBREW) azsdk-python-core/1.28.0 Python/3.11.8 (macOS-14.4.1-arm64-arm-64bit)'
DEBUG: cli.azure.cli.core.sdk.policies:     'Authorization': '*****'
DEBUG: cli.azure.cli.core.sdk.policies: Request body:
DEBUG: cli.azure.cli.core.sdk.policies: This request has no body
DEBUG: urllib3.connectionpool: https://management.azure.com:443 "GET /subscriptions/xxxxxxxx-xxxx-xxxx-xxxx-xxxxxxxxxxxx/providers/Microsoft.Compute/locations/TaiwanNorth/operations/7d1fab80-e597-4c79-8028-88a5fbac31e9?p=fc5b00a6-f760-4a0f-bf0b-7d5a2cd17907&api-version=2023-09-01&t=638476525809290966&c=MIIHADCCBeigAwIBAgITHgPpxUXboRMa1MKXpgAAA-nFRTANBgkqhkiG9w0BAQsFADBEMRMwEQYKCZImiZPyLGQBGRYDR0JMMRMwEQYKCZImiZPyLGQBGRYDQU1FMRgwFgYDVQQDEw9BTUUgSW5mcmEgQ0EgMDYwHhcNMjQwMTMxMDEyODE0WhcNMjUwMTI1MDEyODE0WjBAMT4wPAYDVQQDEzVhc3luY29wZXJhdGlvbnNpZ25pbmdjZXJ0aWZpY2F0ZS5tYW5hZ2VtZW50LmF6dXJlLmNvbTCCASIwDQYJKoZIhvcNAQEBBQADggEPADCCAQoCggEBALigL_YnYGZkISCK9BFT_dzpf963u9bRlY_IhMLl8TQ-WhRb_jA3SHowq9D2t_7jJQKGI6GCCp7rr_bZzTa8pQN0C79lTnY73uIO4_vOTLEbO-r_WF4dIaOg1uhvkHUiwSieW1h1jjj7k_SIuMHohy7tAM8iZ7-ZfFZtnQlOn2e3i4JeBaiEwNF6m94GOMe29LMbaearVgY8Q9dpoqHRILM6oc_lOriZ7rsNAjKOxUZcp1Fo9palZ-3PsJ20ivSPfnC4uawbHqM6z14aGUgr9gJQWitq-3CYzqxU1A3majqauDuR74sxRgfJpBe8xHH2ykGfx9eRrJVbo9gtcbtMplUCAwEAAaOCA-0wggPpMCcGCSsGAQQBgjcVCgQaMBgwCgYIKwYBBQUHAwEwCgYIKwYBBQUHAwIwPQYJKwYBBAGCNxUHBDAwLgYmKwYBBAGCNxUIhpDjDYTVtHiE8Ys-hZvdFs6dEoFggvX2K4Py0SACAWQCAQowggHLBggrBgEFBQcBAQSCAb0wggG5MGMGCCsGAQUFBzAChldodHRwOi8vY3JsLm1pY3Jvc29mdC5jb20vcGtpaW5mcmEvQ2VydHMvQkwyUEtJSU5UQ0EwMi5BTUUuR0JMX0FNRSUyMEluZnJhJTIwQ0ElMjAwNi5jcnQwUwYIKwYBBQUHMAKGR2h0dHA6Ly9jcmwxLmFtZS5nYmwvYWlhL0JMMlBLSUlOVENBMDIuQU1FLkdCTF9BTUUlMjBJbmZyYSUyMENBJTIwMDYuY3J0MFMGCCsGAQUFBzAChkdodHRwOi8vY3JsMi5hbWUuZ2JsL2FpYS9CTDJQS0lJTlRDQTAyLkFNRS5HQkxfQU1FJTIwSW5mcmElMjBDQSUyMDA2LmNydDBTBggrBgEFBQcwAoZHaHR0cDovL2NybDMuYW1lLmdibC9haWEvQkwyUEtJSU5UQ0EwMi5BTUUuR0JMX0FNRSUyMEluZnJhJTIwQ0ElMjAwNi5jcnQwUwYIKwYBBQUHMAKGR2h0dHA6Ly9jcmw0LmFtZS5nYmwvYWlhL0JMMlBLSUlOVENBMDIuQU1FLkdCTF9BTUUlMjBJbmZyYSUyMENBJTIwMDYuY3J0MB0GA1UdDgQWBBQPt2y76WhKhKfsmhaKSl6_-ABVUzAOBgNVHQ8BAf8EBAMCBaAwggEmBgNVHR8EggEdMIIBGTCCARWgggERoIIBDYY_aHR0cDovL2NybC5taWNyb3NvZnQuY29tL3BraWluZnJhL0NSTC9BTUUlMjBJbmZyYSUyMENBJTIwMDYuY3JshjFodHRwOi8vY3JsMS5hbWUuZ2JsL2NybC9BTUUlMjBJbmZyYSUyMENBJTIwMDYuY3JshjFodHRwOi8vY3JsMi5hbWUuZ2JsL2NybC9BTUUlMjBJbmZyYSUyMENBJTIwMDYuY3JshjFodHRwOi8vY3JsMy5hbWUuZ2JsL2NybC9BTUUlMjBJbmZyYSUyMENBJTIwMDYuY3JshjFodHRwOi8vY3JsNC5hbWUuZ2JsL2NybC9BTUUlMjBJbmZyYSUyMENBJTIwMDYuY3JsMBcGA1UdIAQQMA4wDAYKKwYBBAGCN3sBATAfBgNVHSMEGDAWgBTxRmjG8cPwKy19i2rhsvm-NfzRQTAdBgNVHSUEFjAUBggrBgEFBQcDAQYIKwYBBQUHAwIwDQYJKoZIhvcNAQELBQADggEBAKfiXIDVAa163uWLQJ_KFJsJINDdJsPSYCj10C9FzlRIDm8NLFTcqHUht2yzNYw9sA0XiYBlshas0NHr_NjnK0vPf1AFoIyNw9OdZs75NKY4kH247gfF_AS1HoQheB_afmz95Kg4gW5BkeRfe92S6InmCXmdMN7m4vzQEeTuhvRoGh2iXCWxstqVMx28FAQxHa3Prn8dFtxou7RnYaFULimejLV78X4z6uHJwh1OmW9uhn3qd1LDrR7JAljm4WMGkEGOhjJfM5_k-EZGiorRgudd5Jd9zM4oxFvG6mwyZy5dGBJRbH-yBernSv2B_wejt8UxccrqN-zuk7CfQWoYGh0&s=k6R2tLNRuS0vURJqc99NSHGlZZwBHFKjArgb5t4pz08eCb28fyeSRe5zoVP4nYYl5MW7YDsfjYI2m9LuwnDT8_LrYR5uJIyxc3315WFKP9W9tA29FZdBzOWW1jHh7qTYqMI2I_SycjkGh8TMR9hLInmLAgi2pcJzmoHHNBoVwzOvny1Pub2r4rRviVt0zW9bb7eRYyWrvBVSWGLCN7DmLUp64L67_4QZ2HIl9WlEKj6flrPiwN6mIxFxJyQ6LozSk3ZV-dQqtjp01_2W-mwuoGqJKu26u0TbRwAy5wPj7iKuwKW6h91v6AW4DZKUGiz-BdtrA4ofYBgGNtx13FpjVQ&h=S--M9Jqf3bOT3JTtKNE_iiRcVafoGfzMrgpUCtF3W-g HTTP/1.1" 200 184
DEBUG: cli.azure.cli.core.sdk.policies: Response status: 200
DEBUG: cli.azure.cli.core.sdk.policies: Response headers:
DEBUG: cli.azure.cli.core.sdk.policies:     'Cache-Control': 'no-cache'
DEBUG: cli.azure.cli.core.sdk.policies:     'Pragma': 'no-cache'
DEBUG: cli.azure.cli.core.sdk.policies:     'Content-Length': '184'
DEBUG: cli.azure.cli.core.sdk.policies:     'Content-Type': 'application/json; charset=utf-8'
DEBUG: cli.azure.cli.core.sdk.policies:     'Expires': '-1'
DEBUG: cli.azure.cli.core.sdk.policies:     'x-ms-ratelimit-remaining-resource': 'Microsoft.Compute/GetOperationResource;42,Microsoft.Compute/GetOperationSubscriptionMaximum;14989'
DEBUG: cli.azure.cli.core.sdk.policies:     'Strict-Transport-Security': 'max-age=31536000; includeSubDomains'
DEBUG: cli.azure.cli.core.sdk.policies:     'x-ms-request-id': '42dea7ee-9f6a-42e3-8427-79af9e4b7045'
DEBUG: cli.azure.cli.core.sdk.policies:     'x-ms-ratelimit-remaining-subscription-reads': '11998'
DEBUG: cli.azure.cli.core.sdk.policies:     'x-ms-correlation-request-id': '83f41b0b-0122-4875-879b-2cd5d6c1d305'
DEBUG: cli.azure.cli.core.sdk.policies:     'x-ms-routing-request-id': 'JAPANWEST:20240402T110331Z:83f41b0b-0122-4875-879b-2cd5d6c1d305'
DEBUG: cli.azure.cli.core.sdk.policies:     'X-Content-Type-Options': 'nosniff'
DEBUG: cli.azure.cli.core.sdk.policies:     'X-Cache': 'CONFIG_NOCACHE'
DEBUG: cli.azure.cli.core.sdk.policies:     'X-MSEdge-Ref': 'Ref A: F7A566915F504B5A915E7ECDDA50325F Ref B: TYO201100114027 Ref C: 2024-04-02T11:03:31Z'
DEBUG: cli.azure.cli.core.sdk.policies:     'Date': 'Tue, 02 Apr 2024 11:03:30 GMT'
DEBUG: cli.azure.cli.core.sdk.policies: Response content:
DEBUG: cli.azure.cli.core.sdk.policies: {
  "startTime": "2024-04-02T11:03:00.8589668+00:00",
  "endTime": "2024-04-02T11:03:22.1713127+00:00",
  "status": "Succeeded",
  "name": "7d1fab80-e597-4c79-8028-88a5fbac31e9"
}
DEBUG: cli.knack.cli: Event: CommandInvoker.OnTransformResult [<function _resource_group_transform at 0x102570860>, <function _x509_from_base64_to_hex_transform at 0x102570900>]
DEBUG: cli.knack.cli: Event: CommandInvoker.OnFilterResult []
DEBUG: cli.knack.cli: Event: Cli.SuccessfulExecute []
DEBUG: cli.knack.cli: Event: Cli.PostExecute [<function AzCliLogging.deinit_cmd_metadata_logging at 0x10251ed40>]
INFO: az_command_data_logger: exit code: 0
INFO: cli.__main__: Command ran in 32.138 seconds (init: 0.095, invoke: 32.043)
INFO: telemetry.main: Begin splitting cli events and extra events, total events: 1
INFO: telemetry.client: Accumulated 0 events. Flush the clients.
INFO: telemetry.main: Finish splitting cli events and extra events, cli events: 1
INFO: telemetry.save: Save telemetry record of length 3745 in cache
INFO: telemetry.main: Begin creating telemetry upload process.
INFO: telemetry.process: Creating upload process: "/opt/homebrew/Cellar/azure-cli/2.58.0/libexec/bin/python /opt/homebrew/Cellar/azure-cli/2.58.0/libexec/lib/python3.11/site-packages/azure/cli/telemetry/__init__.py /Users/pichuang/.azure"
INFO: telemetry.process: Return from creating process
INFO: telemetry.main: Finish creating telemetry upload process.
