DEBUG: cli.knack.cli: Command arguments: ['vm', 'delete', '-n', 'MyVm', '-g', 'rg-anayltics', '--yes', '--debug']
DEBUG: cli.knack.cli: __init__ debug log:
Cannot enable color.
DEBUG: cli.knack.cli: Event: Cli.PreExecute []
DEBUG: cli.knack.cli: Event: CommandParser.OnGlobalArgumentsCreate [<function CLILogging.on_global_arguments at 0x103ad11c0>, <function OutputProducer.on_global_arguments at 0x103b7c360>, <function CLIQuery.on_global_arguments at 0x103bade40>]
DEBUG: cli.knack.cli: Event: CommandInvoker.OnPreCommandTableCreate []
DEBUG: cli.azure.cli.core: Modules found from index for 'vm': ['azure.cli.command_modules.vm']
DEBUG: cli.azure.cli.core: Loading command modules:
DEBUG: cli.azure.cli.core: Name                  Load Time    Groups  Commands
DEBUG: cli.azure.cli.core: vm                        0.375        58       247
DEBUG: cli.azure.cli.core: Total (1)                 0.375        58       247
DEBUG: cli.azure.cli.core: These extensions are not installed and will be skipped: ['azext_ai_examples', 'azext_next']
DEBUG: cli.azure.cli.core: Loading extensions:
DEBUG: cli.azure.cli.core: Name                  Load Time    Groups  Commands  Directory
DEBUG: cli.azure.cli.core: Total (0)                 0.000         0         0
DEBUG: cli.azure.cli.core: Loaded 58 groups, 247 commands.
DEBUG: cli.azure.cli.core: Found a match in the command table.
DEBUG: cli.azure.cli.core: Raw command  : vm delete
DEBUG: cli.azure.cli.core: Command table: vm delete
DEBUG: cli.knack.cli: Event: CommandInvoker.OnPreCommandTableTruncate [<function AzCliLogging.init_command_file_logging at 0x1048eaac0>]
DEBUG: cli.azure.cli.core.azlogging: metadata file logging enabled - writing logs to '/Users/pichuang/.azure/commands/2024-04-02.18-58-46.vm_delete.90871.log'.
INFO: az_command_data_logger: command args: vm delete -n {} -g {} --yes --debug
DEBUG: cli.knack.cli: Event: CommandInvoker.OnPreArgumentLoad [<function register_global_subscription_argument.<locals>.add_subscription_parameter at 0x10493f7e0>]
DEBUG: cli.knack.cli: Event: CommandInvoker.OnPostArgumentLoad []
DEBUG: cli.knack.cli: Event: CommandInvoker.OnPostCommandTableCreate [<function register_ids_argument.<locals>.add_ids_arguments at 0x10493f880>, <function register_cache_arguments.<locals>.add_cache_arguments at 0x10493f9c0>]
DEBUG: cli.knack.cli: Event: CommandInvoker.OnCommandTableLoaded []
DEBUG: cli.knack.cli: Event: CommandInvoker.OnPreParseArgs []
DEBUG: cli.knack.cli: Event: CommandInvoker.OnPostParseArgs [<function OutputProducer.handle_output_argument at 0x103b7c400>, <function CLIQuery.handle_query_parameter at 0x103badee0>, <function register_ids_argument.<locals>.parse_ids_arguments at 0x10493f920>]
DEBUG: cli.azure.cli.core.commands.client_factory: Getting management service client client_type=ComputeManagementClient
DEBUG: cli.azure.cli.core.auth.persistence: build_persistence: location='/Users/pichuang/.azure/msal_token_cache.json', encrypt=False
DEBUG: cli.azure.cli.core.auth.binary_cache: load: /Users/pichuang/.azure/msal_http_cache.bin
DEBUG: urllib3.util.retry: Converted retries value: 1 -> Retry(total=1, connect=None, read=None, redirect=None, status=None)
DEBUG: msal.authority: openid_config = {'token_endpoint': 'https://login.microsoftonline.com/60c041af-d3e5-4152-a034-e8e449c34ab4/oauth2/v2.0/token', 'token_endpoint_auth_methods_supported': ['client_secret_post', 'private_key_jwt', 'client_secret_basic'], 'jwks_uri': 'https://login.microsoftonline.com/60c041af-d3e5-4152-a034-e8e449c34ab4/discovery/v2.0/keys', 'response_modes_supported': ['query', 'fragment', 'form_post'], 'subject_types_supported': ['pairwise'], 'id_token_signing_alg_values_supported': ['RS256'], 'response_types_supported': ['code', 'id_token', 'code id_token', 'id_token token'], 'scopes_supported': ['openid', 'profile', 'email', 'offline_access'], 'issuer': 'https://login.microsoftonline.com/60c041af-d3e5-4152-a034-e8e449c34ab4/v2.0', 'request_uri_parameter_supported': False, 'userinfo_endpoint': 'https://graph.microsoft.com/oidc/userinfo', 'authorization_endpoint': 'https://login.microsoftonline.com/60c041af-d3e5-4152-a034-e8e449c34ab4/oauth2/v2.0/authorize', 'device_authorization_endpoint': 'https://login.microsoftonline.com/60c041af-d3e5-4152-a034-e8e449c34ab4/oauth2/v2.0/devicecode', 'http_logout_supported': True, 'frontchannel_logout_supported': True, 'end_session_endpoint': 'https://login.microsoftonline.com/60c041af-d3e5-4152-a034-e8e449c34ab4/oauth2/v2.0/logout', 'claims_supported': ['sub', 'iss', 'cloud_instance_name', 'cloud_instance_host_name', 'cloud_graph_host_name', 'msgraph_host', 'aud', 'exp', 'iat', 'auth_time', 'acr', 'nonce', 'preferred_username', 'name', 'tid', 'ver', 'at_hash', 'c_hash', 'email'], 'kerberos_endpoint': 'https://login.microsoftonline.com/60c041af-d3e5-4152-a034-e8e449c34ab4/kerberos', 'tenant_region_scope': 'NA', 'cloud_instance_name': 'microsoftonline.com', 'cloud_graph_host_name': 'graph.windows.net', 'msgraph_host': 'graph.microsoft.com', 'rbac_url': 'https://pas.windows.net'}
DEBUG: msal.application: Broker enabled? None
DEBUG: cli.azure.cli.core.auth.credential_adaptor: CredentialAdaptor.get_token: scopes=('https://management.core.windows.net//.default',), kwargs={}
DEBUG: cli.azure.cli.core.auth.msal_authentication: UserCredential.get_token: scopes=('https://management.core.windows.net//.default',), claims=None, kwargs={}
DEBUG: msal.application: Cache hit an AT
DEBUG: msal.telemetry: Generate or reuse correlation_id: 5779679c-ae34-43a8-84ac-070c8a3c087e
DEBUG: cli.azure.cli.core.sdk.policies: Request URL: 'https://management.azure.com/subscriptions/xxxxxxxx-xxxx-xxxx-xxxx-xxxxxxxxxxxx/resourceGroups/rg-anayltics/providers/Microsoft.Compute/virtualMachines/MyVm?api-version=2023-09-01'
DEBUG: cli.azure.cli.core.sdk.policies: Request method: 'DELETE'
DEBUG: cli.azure.cli.core.sdk.policies: Request headers:
DEBUG: cli.azure.cli.core.sdk.policies:     'Accept': 'application/json'
DEBUG: cli.azure.cli.core.sdk.policies:     'x-ms-client-request-id': 'f9f1e856-f0df-11ee-ac52-76c47aa90249'
DEBUG: cli.azure.cli.core.sdk.policies:     'CommandName': 'vm delete'
DEBUG: cli.azure.cli.core.sdk.policies:     'ParameterSetName': '-n -g --yes --debug'
DEBUG: cli.azure.cli.core.sdk.policies:     'User-Agent': 'AZURECLI/2.58.0 (HOMEBREW) azsdk-python-core/1.28.0 Python/3.11.8 (macOS-14.4.1-arm64-arm-64bit)'
DEBUG: cli.azure.cli.core.sdk.policies:     'Authorization': '*****'
DEBUG: cli.azure.cli.core.sdk.policies: Request body:
DEBUG: cli.azure.cli.core.sdk.policies: This request has no body
DEBUG: urllib3.connectionpool: Starting new HTTPS connection (1): management.azure.com:443
DEBUG: urllib3.connectionpool: https://management.azure.com:443 "DELETE /subscriptions/xxxxxxxx-xxxx-xxxx-xxxx-xxxxxxxxxxxx/resourceGroups/rg-anayltics/providers/Microsoft.Compute/virtualMachines/MyVm?api-version=2023-09-01 HTTP/1.1" 202 0
DEBUG: cli.azure.cli.core.sdk.policies: Response status: 202
DEBUG: cli.azure.cli.core.sdk.policies: Response headers:
DEBUG: cli.azure.cli.core.sdk.policies:     'Cache-Control': 'no-cache'
DEBUG: cli.azure.cli.core.sdk.policies:     'Pragma': 'no-cache'
DEBUG: cli.azure.cli.core.sdk.policies:     'Expires': '-1'
DEBUG: cli.azure.cli.core.sdk.policies:     'Location': 'https://management.azure.com/subscriptions/xxxxxxxx-xxxx-xxxx-xxxx-xxxxxxxxxxxx/providers/Microsoft.Compute/locations/TaiwanNorth/operations/7e5de5a2-53e0-49fc-a954-36f2aed08913?p=fc5b00a6-f760-4a0f-bf0b-7d5a2cd17907&monitor=true&api-version=2023-09-01&t=638476523271484722&c=MIIHADCCBeigAwIBAgITHgPpxUXboRMa1MKXpgAAA-nFRTANBgkqhkiG9w0BAQsFADBEMRMwEQYKCZImiZPyLGQBGRYDR0JMMRMwEQYKCZImiZPyLGQBGRYDQU1FMRgwFgYDVQQDEw9BTUUgSW5mcmEgQ0EgMDYwHhcNMjQwMTMxMDEyODE0WhcNMjUwMTI1MDEyODE0WjBAMT4wPAYDVQQDEzVhc3luY29wZXJhdGlvbnNpZ25pbmdjZXJ0aWZpY2F0ZS5tYW5hZ2VtZW50LmF6dXJlLmNvbTCCASIwDQYJKoZIhvcNAQEBBQADggEPADCCAQoCggEBALigL_YnYGZkISCK9BFT_dzpf963u9bRlY_IhMLl8TQ-WhRb_jA3SHowq9D2t_7jJQKGI6GCCp7rr_bZzTa8pQN0C79lTnY73uIO4_vOTLEbO-r_WF4dIaOg1uhvkHUiwSieW1h1jjj7k_SIuMHohy7tAM8iZ7-ZfFZtnQlOn2e3i4JeBaiEwNF6m94GOMe29LMbaearVgY8Q9dpoqHRILM6oc_lOriZ7rsNAjKOxUZcp1Fo9palZ-3PsJ20ivSPfnC4uawbHqM6z14aGUgr9gJQWitq-3CYzqxU1A3majqauDuR74sxRgfJpBe8xHH2ykGfx9eRrJVbo9gtcbtMplUCAwEAAaOCA-0wggPpMCcGCSsGAQQBgjcVCgQaMBgwCgYIKwYBBQUHAwEwCgYIKwYBBQUHAwIwPQYJKwYBBAGCNxUHBDAwLgYmKwYBBAGCNxUIhpDjDYTVtHiE8Ys-hZvdFs6dEoFggvX2K4Py0SACAWQCAQowggHLBggrBgEFBQcBAQSCAb0wggG5MGMGCCsGAQUFBzAChldodHRwOi8vY3JsLm1pY3Jvc29mdC5jb20vcGtpaW5mcmEvQ2VydHMvQkwyUEtJSU5UQ0EwMi5BTUUuR0JMX0FNRSUyMEluZnJhJTIwQ0ElMjAwNi5jcnQwUwYIKwYBBQUHMAKGR2h0dHA6Ly9jcmwxLmFtZS5nYmwvYWlhL0JMMlBLSUlOVENBMDIuQU1FLkdCTF9BTUUlMjBJbmZyYSUyMENBJTIwMDYuY3J0MFMGCCsGAQUFBzAChkdodHRwOi8vY3JsMi5hbWUuZ2JsL2FpYS9CTDJQS0lJTlRDQTAyLkFNRS5HQkxfQU1FJTIwSW5mcmElMjBDQSUyMDA2LmNydDBTBggrBgEFBQcwAoZHaHR0cDovL2NybDMuYW1lLmdibC9haWEvQkwyUEtJSU5UQ0EwMi5BTUUuR0JMX0FNRSUyMEluZnJhJTIwQ0ElMjAwNi5jcnQwUwYIKwYBBQUHMAKGR2h0dHA6Ly9jcmw0LmFtZS5nYmwvYWlhL0JMMlBLSUlOVENBMDIuQU1FLkdCTF9BTUUlMjBJbmZyYSUyMENBJTIwMDYuY3J0MB0GA1UdDgQWBBQPt2y76WhKhKfsmhaKSl6_-ABVUzAOBgNVHQ8BAf8EBAMCBaAwggEmBgNVHR8EggEdMIIBGTCCARWgggERoIIBDYY_aHR0cDovL2NybC5taWNyb3NvZnQuY29tL3BraWluZnJhL0NSTC9BTUUlMjBJbmZyYSUyMENBJTIwMDYuY3JshjFodHRwOi8vY3JsMS5hbWUuZ2JsL2NybC9BTUUlMjBJbmZyYSUyMENBJTIwMDYuY3JshjFodHRwOi8vY3JsMi5hbWUuZ2JsL2NybC9BTUUlMjBJbmZyYSUyMENBJTIwMDYuY3JshjFodHRwOi8vY3JsMy5hbWUuZ2JsL2NybC9BTUUlMjBJbmZyYSUyMENBJTIwMDYuY3JshjFodHRwOi8vY3JsNC5hbWUuZ2JsL2NybC9BTUUlMjBJbmZyYSUyMENBJTIwMDYuY3JsMBcGA1UdIAQQMA4wDAYKKwYBBAGCN3sBATAfBgNVHSMEGDAWgBTxRmjG8cPwKy19i2rhsvm-NfzRQTAdBgNVHSUEFjAUBggrBgEFBQcDAQYIKwYBBQUHAwIwDQYJKoZIhvcNAQELBQADggEBAKfiXIDVAa163uWLQJ_KFJsJINDdJsPSYCj10C9FzlRIDm8NLFTcqHUht2yzNYw9sA0XiYBlshas0NHr_NjnK0vPf1AFoIyNw9OdZs75NKY4kH247gfF_AS1HoQheB_afmz95Kg4gW5BkeRfe92S6InmCXmdMN7m4vzQEeTuhvRoGh2iXCWxstqVMx28FAQxHa3Prn8dFtxou7RnYaFULimejLV78X4z6uHJwh1OmW9uhn3qd1LDrR7JAljm4WMGkEGOhjJfM5_k-EZGiorRgudd5Jd9zM4oxFvG6mwyZy5dGBJRbH-yBernSv2B_wejt8UxccrqN-zuk7CfQWoYGh0&s=DIh2u067W7amPe11wECBlrsoQz5YT-wZP1avG3AVSw-mhu1-k18B3U6obbQUpYgP4TjdIlpxEeQP-PDOWdUZV_hjc1A6YphTtI5HmzrrWyT0IssItTPIH_N92S-riBP_zaVwiabrvLYdSV_3Zl7rUgbkJlNqSAC51Sw0z2ZLlV-V9mqobkM-2y7WRXOqJ_AyX2iiry6FtMATnYXME7j2owoGlXv2viQB_MuIKFfkEJiQ87NTPkNnNe1cx0jTJIgiuwZFeLK-jdP6hgJ4YOh7GGjFI2gFDxXqO0YBDgVJWLwuFpgpbe1OypC9tYWWe2kCd6kWRepUfZ1QSS2P3gBajw&h=JXpDBkgeNvhdWisYkM3Io91sjiH5oInLS-PXTaH_IEI'
DEBUG: cli.azure.cli.core.sdk.policies:     'Retry-After': '10'
DEBUG: cli.azure.cli.core.sdk.policies:     'Azure-AsyncOperation': 'https://management.azure.com/subscriptions/xxxxxxxx-xxxx-xxxx-xxxx-xxxxxxxxxxxx/providers/Microsoft.Compute/locations/TaiwanNorth/operations/7e5de5a2-53e0-49fc-a954-36f2aed08913?p=fc5b00a6-f760-4a0f-bf0b-7d5a2cd17907&api-version=2023-09-01&t=638476523271484722&c=MIIHADCCBeigAwIBAgITHgPpxUXboRMa1MKXpgAAA-nFRTANBgkqhkiG9w0BAQsFADBEMRMwEQYKCZImiZPyLGQBGRYDR0JMMRMwEQYKCZImiZPyLGQBGRYDQU1FMRgwFgYDVQQDEw9BTUUgSW5mcmEgQ0EgMDYwHhcNMjQwMTMxMDEyODE0WhcNMjUwMTI1MDEyODE0WjBAMT4wPAYDVQQDEzVhc3luY29wZXJhdGlvbnNpZ25pbmdjZXJ0aWZpY2F0ZS5tYW5hZ2VtZW50LmF6dXJlLmNvbTCCASIwDQYJKoZIhvcNAQEBBQADggEPADCCAQoCggEBALigL_YnYGZkISCK9BFT_dzpf963u9bRlY_IhMLl8TQ-WhRb_jA3SHowq9D2t_7jJQKGI6GCCp7rr_bZzTa8pQN0C79lTnY73uIO4_vOTLEbO-r_WF4dIaOg1uhvkHUiwSieW1h1jjj7k_SIuMHohy7tAM8iZ7-ZfFZtnQlOn2e3i4JeBaiEwNF6m94GOMe29LMbaearVgY8Q9dpoqHRILM6oc_lOriZ7rsNAjKOxUZcp1Fo9palZ-3PsJ20ivSPfnC4uawbHqM6z14aGUgr9gJQWitq-3CYzqxU1A3majqauDuR74sxRgfJpBe8xHH2ykGfx9eRrJVbo9gtcbtMplUCAwEAAaOCA-0wggPpMCcGCSsGAQQBgjcVCgQaMBgwCgYIKwYBBQUHAwEwCgYIKwYBBQUHAwIwPQYJKwYBBAGCNxUHBDAwLgYmKwYBBAGCNxUIhpDjDYTVtHiE8Ys-hZvdFs6dEoFggvX2K4Py0SACAWQCAQowggHLBggrBgEFBQcBAQSCAb0wggG5MGMGCCsGAQUFBzAChldodHRwOi8vY3JsLm1pY3Jvc29mdC5jb20vcGtpaW5mcmEvQ2VydHMvQkwyUEtJSU5UQ0EwMi5BTUUuR0JMX0FNRSUyMEluZnJhJTIwQ0ElMjAwNi5jcnQwUwYIKwYBBQUHMAKGR2h0dHA6Ly9jcmwxLmFtZS5nYmwvYWlhL0JMMlBLSUlOVENBMDIuQU1FLkdCTF9BTUUlMjBJbmZyYSUyMENBJTIwMDYuY3J0MFMGCCsGAQUFBzAChkdodHRwOi8vY3JsMi5hbWUuZ2JsL2FpYS9CTDJQS0lJTlRDQTAyLkFNRS5HQkxfQU1FJTIwSW5mcmElMjBDQSUyMDA2LmNydDBTBggrBgEFBQcwAoZHaHR0cDovL2NybDMuYW1lLmdibC9haWEvQkwyUEtJSU5UQ0EwMi5BTUUuR0JMX0FNRSUyMEluZnJhJTIwQ0ElMjAwNi5jcnQwUwYIKwYBBQUHMAKGR2h0dHA6Ly9jcmw0LmFtZS5nYmwvYWlhL0JMMlBLSUlOVENBMDIuQU1FLkdCTF9BTUUlMjBJbmZyYSUyMENBJTIwMDYuY3J0MB0GA1UdDgQWBBQPt2y76WhKhKfsmhaKSl6_-ABVUzAOBgNVHQ8BAf8EBAMCBaAwggEmBgNVHR8EggEdMIIBGTCCARWgggERoIIBDYY_aHR0cDovL2NybC5taWNyb3NvZnQuY29tL3BraWluZnJhL0NSTC9BTUUlMjBJbmZyYSUyMENBJTIwMDYuY3JshjFodHRwOi8vY3JsMS5hbWUuZ2JsL2NybC9BTUUlMjBJbmZyYSUyMENBJTIwMDYuY3JshjFodHRwOi8vY3JsMi5hbWUuZ2JsL2NybC9BTUUlMjBJbmZyYSUyMENBJTIwMDYuY3JshjFodHRwOi8vY3JsMy5hbWUuZ2JsL2NybC9BTUUlMjBJbmZyYSUyMENBJTIwMDYuY3JshjFodHRwOi8vY3JsNC5hbWUuZ2JsL2NybC9BTUUlMjBJbmZyYSUyMENBJTIwMDYuY3JsMBcGA1UdIAQQMA4wDAYKKwYBBAGCN3sBATAfBgNVHSMEGDAWgBTxRmjG8cPwKy19i2rhsvm-NfzRQTAdBgNVHSUEFjAUBggrBgEFBQcDAQYIKwYBBQUHAwIwDQYJKoZIhvcNAQELBQADggEBAKfiXIDVAa163uWLQJ_KFJsJINDdJsPSYCj10C9FzlRIDm8NLFTcqHUht2yzNYw9sA0XiYBlshas0NHr_NjnK0vPf1AFoIyNw9OdZs75NKY4kH247gfF_AS1HoQheB_afmz95Kg4gW5BkeRfe92S6InmCXmdMN7m4vzQEeTuhvRoGh2iXCWxstqVMx28FAQxHa3Prn8dFtxou7RnYaFULimejLV78X4z6uHJwh1OmW9uhn3qd1LDrR7JAljm4WMGkEGOhjJfM5_k-EZGiorRgudd5Jd9zM4oxFvG6mwyZy5dGBJRbH-yBernSv2B_wejt8UxccrqN-zuk7CfQWoYGh0&s=DIh2u067W7amPe11wECBlrsoQz5YT-wZP1avG3AVSw-mhu1-k18B3U6obbQUpYgP4TjdIlpxEeQP-PDOWdUZV_hjc1A6YphTtI5HmzrrWyT0IssItTPIH_N92S-riBP_zaVwiabrvLYdSV_3Zl7rUgbkJlNqSAC51Sw0z2ZLlV-V9mqobkM-2y7WRXOqJ_AyX2iiry6FtMATnYXME7j2owoGlXv2viQB_MuIKFfkEJiQ87NTPkNnNe1cx0jTJIgiuwZFeLK-jdP6hgJ4YOh7GGjFI2gFDxXqO0YBDgVJWLwuFpgpbe1OypC9tYWWe2kCd6kWRepUfZ1QSS2P3gBajw&h=JXpDBkgeNvhdWisYkM3Io91sjiH5oInLS-PXTaH_IEI'
DEBUG: cli.azure.cli.core.sdk.policies:     'azure-asyncnotification': 'Enabled'
DEBUG: cli.azure.cli.core.sdk.policies:     'x-ms-ratelimit-remaining-resource': 'Microsoft.Compute/DeleteVMSubscriptionMaximum;1499,Microsoft.Compute/DeleteVMResource;11'
DEBUG: cli.azure.cli.core.sdk.policies:     'Strict-Transport-Security': 'max-age=31536000; includeSubDomains'
DEBUG: cli.azure.cli.core.sdk.policies:     'x-ms-request-id': '7e5de5a2-53e0-49fc-a954-36f2aed08913'
DEBUG: cli.azure.cli.core.sdk.policies:     'x-ms-ratelimit-remaining-subscription-deletes': '14999'
DEBUG: cli.azure.cli.core.sdk.policies:     'x-ms-correlation-request-id': '8e2100d7-35ad-427e-b612-aadfd2811bfe'
DEBUG: cli.azure.cli.core.sdk.policies:     'x-ms-routing-request-id': 'JAPANWEST:20240402T105847Z:8e2100d7-35ad-427e-b612-aadfd2811bfe'
DEBUG: cli.azure.cli.core.sdk.policies:     'X-Content-Type-Options': 'nosniff'
DEBUG: cli.azure.cli.core.sdk.policies:     'X-Cache': 'CONFIG_NOCACHE'
DEBUG: cli.azure.cli.core.sdk.policies:     'X-MSEdge-Ref': 'Ref A: 04CA6A2A5AF4440381D69DEF960952C9 Ref B: TYO201100116029 Ref C: 2024-04-02T10:58:46Z'
DEBUG: cli.azure.cli.core.sdk.policies:     'Date': 'Tue, 02 Apr 2024 10:58:46 GMT'
DEBUG: cli.azure.cli.core.sdk.policies:     'Content-Length': '0'
DEBUG: cli.azure.cli.core.sdk.policies: Response content:
DEBUG: cli.azure.cli.core.sdk.policies:
DEBUG: cli.azure.cli.core.sdk.policies: Request URL: 'https://management.azure.com/subscriptions/xxxxxxxx-xxxx-xxxx-xxxx-xxxxxxxxxxxx/providers/Microsoft.Compute/locations/TaiwanNorth/operations/7e5de5a2-53e0-49fc-a954-36f2aed08913?p=fc5b00a6-f760-4a0f-bf0b-7d5a2cd17907&api-version=2023-09-01&t=638476523271484722&c=MIIHADCCBeigAwIBAgITHgPpxUXboRMa1MKXpgAAA-nFRTANBgkqhkiG9w0BAQsFADBEMRMwEQYKCZImiZPyLGQBGRYDR0JMMRMwEQYKCZImiZPyLGQBGRYDQU1FMRgwFgYDVQQDEw9BTUUgSW5mcmEgQ0EgMDYwHhcNMjQwMTMxMDEyODE0WhcNMjUwMTI1MDEyODE0WjBAMT4wPAYDVQQDEzVhc3luY29wZXJhdGlvbnNpZ25pbmdjZXJ0aWZpY2F0ZS5tYW5hZ2VtZW50LmF6dXJlLmNvbTCCASIwDQYJKoZIhvcNAQEBBQADggEPADCCAQoCggEBALigL_YnYGZkISCK9BFT_dzpf963u9bRlY_IhMLl8TQ-WhRb_jA3SHowq9D2t_7jJQKGI6GCCp7rr_bZzTa8pQN0C79lTnY73uIO4_vOTLEbO-r_WF4dIaOg1uhvkHUiwSieW1h1jjj7k_SIuMHohy7tAM8iZ7-ZfFZtnQlOn2e3i4JeBaiEwNF6m94GOMe29LMbaearVgY8Q9dpoqHRILM6oc_lOriZ7rsNAjKOxUZcp1Fo9palZ-3PsJ20ivSPfnC4uawbHqM6z14aGUgr9gJQWitq-3CYzqxU1A3majqauDuR74sxRgfJpBe8xHH2ykGfx9eRrJVbo9gtcbtMplUCAwEAAaOCA-0wggPpMCcGCSsGAQQBgjcVCgQaMBgwCgYIKwYBBQUHAwEwCgYIKwYBBQUHAwIwPQYJKwYBBAGCNxUHBDAwLgYmKwYBBAGCNxUIhpDjDYTVtHiE8Ys-hZvdFs6dEoFggvX2K4Py0SACAWQCAQowggHLBggrBgEFBQcBAQSCAb0wggG5MGMGCCsGAQUFBzAChldodHRwOi8vY3JsLm1pY3Jvc29mdC5jb20vcGtpaW5mcmEvQ2VydHMvQkwyUEtJSU5UQ0EwMi5BTUUuR0JMX0FNRSUyMEluZnJhJTIwQ0ElMjAwNi5jcnQwUwYIKwYBBQUHMAKGR2h0dHA6Ly9jcmwxLmFtZS5nYmwvYWlhL0JMMlBLSUlOVENBMDIuQU1FLkdCTF9BTUUlMjBJbmZyYSUyMENBJTIwMDYuY3J0MFMGCCsGAQUFBzAChkdodHRwOi8vY3JsMi5hbWUuZ2JsL2FpYS9CTDJQS0lJTlRDQTAyLkFNRS5HQkxfQU1FJTIwSW5mcmElMjBDQSUyMDA2LmNydDBTBggrBgEFBQcwAoZHaHR0cDovL2NybDMuYW1lLmdibC9haWEvQkwyUEtJSU5UQ0EwMi5BTUUuR0JMX0FNRSUyMEluZnJhJTIwQ0ElMjAwNi5jcnQwUwYIKwYBBQUHMAKGR2h0dHA6Ly9jcmw0LmFtZS5nYmwvYWlhL0JMMlBLSUlOVENBMDIuQU1FLkdCTF9BTUUlMjBJbmZyYSUyMENBJTIwMDYuY3J0MB0GA1UdDgQWBBQPt2y76WhKhKfsmhaKSl6_-ABVUzAOBgNVHQ8BAf8EBAMCBaAwggEmBgNVHR8EggEdMIIBGTCCARWgggERoIIBDYY_aHR0cDovL2NybC5taWNyb3NvZnQuY29tL3BraWluZnJhL0NSTC9BTUUlMjBJbmZyYSUyMENBJTIwMDYuY3JshjFodHRwOi8vY3JsMS5hbWUuZ2JsL2NybC9BTUUlMjBJbmZyYSUyMENBJTIwMDYuY3JshjFodHRwOi8vY3JsMi5hbWUuZ2JsL2NybC9BTUUlMjBJbmZyYSUyMENBJTIwMDYuY3JshjFodHRwOi8vY3JsMy5hbWUuZ2JsL2NybC9BTUUlMjBJbmZyYSUyMENBJTIwMDYuY3JshjFodHRwOi8vY3JsNC5hbWUuZ2JsL2NybC9BTUUlMjBJbmZyYSUyMENBJTIwMDYuY3JsMBcGA1UdIAQQMA4wDAYKKwYBBAGCN3sBATAfBgNVHSMEGDAWgBTxRmjG8cPwKy19i2rhsvm-NfzRQTAdBgNVHSUEFjAUBggrBgEFBQcDAQYIKwYBBQUHAwIwDQYJKoZIhvcNAQELBQADggEBAKfiXIDVAa163uWLQJ_KFJsJINDdJsPSYCj10C9FzlRIDm8NLFTcqHUht2yzNYw9sA0XiYBlshas0NHr_NjnK0vPf1AFoIyNw9OdZs75NKY4kH247gfF_AS1HoQheB_afmz95Kg4gW5BkeRfe92S6InmCXmdMN7m4vzQEeTuhvRoGh2iXCWxstqVMx28FAQxHa3Prn8dFtxou7RnYaFULimejLV78X4z6uHJwh1OmW9uhn3qd1LDrR7JAljm4WMGkEGOhjJfM5_k-EZGiorRgudd5Jd9zM4oxFvG6mwyZy5dGBJRbH-yBernSv2B_wejt8UxccrqN-zuk7CfQWoYGh0&s=DIh2u067W7amPe11wECBlrsoQz5YT-wZP1avG3AVSw-mhu1-k18B3U6obbQUpYgP4TjdIlpxEeQP-PDOWdUZV_hjc1A6YphTtI5HmzrrWyT0IssItTPIH_N92S-riBP_zaVwiabrvLYdSV_3Zl7rUgbkJlNqSAC51Sw0z2ZLlV-V9mqobkM-2y7WRXOqJ_AyX2iiry6FtMATnYXME7j2owoGlXv2viQB_MuIKFfkEJiQ87NTPkNnNe1cx0jTJIgiuwZFeLK-jdP6hgJ4YOh7GGjFI2gFDxXqO0YBDgVJWLwuFpgpbe1OypC9tYWWe2kCd6kWRepUfZ1QSS2P3gBajw&h=JXpDBkgeNvhdWisYkM3Io91sjiH5oInLS-PXTaH_IEI'
DEBUG: cli.azure.cli.core.sdk.policies: Request method: 'GET'
DEBUG: cli.azure.cli.core.sdk.policies: Request headers:
DEBUG: cli.azure.cli.core.sdk.policies:     'x-ms-client-request-id': 'f9f1e856-f0df-11ee-ac52-76c47aa90249'
DEBUG: cli.azure.cli.core.sdk.policies:     'CommandName': 'vm delete'
DEBUG: cli.azure.cli.core.sdk.policies:     'ParameterSetName': '-n -g --yes --debug'
DEBUG: cli.azure.cli.core.sdk.policies:     'User-Agent': 'AZURECLI/2.58.0 (HOMEBREW) azsdk-python-core/1.28.0 Python/3.11.8 (macOS-14.4.1-arm64-arm-64bit)'
DEBUG: cli.azure.cli.core.sdk.policies:     'Authorization': '*****'
DEBUG: cli.azure.cli.core.sdk.policies: Request body:
DEBUG: cli.azure.cli.core.sdk.policies: This request has no body
DEBUG: urllib3.connectionpool: https://management.azure.com:443 "GET /subscriptions/xxxxxxxx-xxxx-xxxx-xxxx-xxxxxxxxxxxx/providers/Microsoft.Compute/locations/TaiwanNorth/operations/7e5de5a2-53e0-49fc-a954-36f2aed08913?p=fc5b00a6-f760-4a0f-bf0b-7d5a2cd17907&api-version=2023-09-01&t=638476523271484722&c=MIIHADCCBeigAwIBAgITHgPpxUXboRMa1MKXpgAAA-nFRTANBgkqhkiG9w0BAQsFADBEMRMwEQYKCZImiZPyLGQBGRYDR0JMMRMwEQYKCZImiZPyLGQBGRYDQU1FMRgwFgYDVQQDEw9BTUUgSW5mcmEgQ0EgMDYwHhcNMjQwMTMxMDEyODE0WhcNMjUwMTI1MDEyODE0WjBAMT4wPAYDVQQDEzVhc3luY29wZXJhdGlvbnNpZ25pbmdjZXJ0aWZpY2F0ZS5tYW5hZ2VtZW50LmF6dXJlLmNvbTCCASIwDQYJKoZIhvcNAQEBBQADggEPADCCAQoCggEBALigL_YnYGZkISCK9BFT_dzpf963u9bRlY_IhMLl8TQ-WhRb_jA3SHowq9D2t_7jJQKGI6GCCp7rr_bZzTa8pQN0C79lTnY73uIO4_vOTLEbO-r_WF4dIaOg1uhvkHUiwSieW1h1jjj7k_SIuMHohy7tAM8iZ7-ZfFZtnQlOn2e3i4JeBaiEwNF6m94GOMe29LMbaearVgY8Q9dpoqHRILM6oc_lOriZ7rsNAjKOxUZcp1Fo9palZ-3PsJ20ivSPfnC4uawbHqM6z14aGUgr9gJQWitq-3CYzqxU1A3majqauDuR74sxRgfJpBe8xHH2ykGfx9eRrJVbo9gtcbtMplUCAwEAAaOCA-0wggPpMCcGCSsGAQQBgjcVCgQaMBgwCgYIKwYBBQUHAwEwCgYIKwYBBQUHAwIwPQYJKwYBBAGCNxUHBDAwLgYmKwYBBAGCNxUIhpDjDYTVtHiE8Ys-hZvdFs6dEoFggvX2K4Py0SACAWQCAQowggHLBggrBgEFBQcBAQSCAb0wggG5MGMGCCsGAQUFBzAChldodHRwOi8vY3JsLm1pY3Jvc29mdC5jb20vcGtpaW5mcmEvQ2VydHMvQkwyUEtJSU5UQ0EwMi5BTUUuR0JMX0FNRSUyMEluZnJhJTIwQ0ElMjAwNi5jcnQwUwYIKwYBBQUHMAKGR2h0dHA6Ly9jcmwxLmFtZS5nYmwvYWlhL0JMMlBLSUlOVENBMDIuQU1FLkdCTF9BTUUlMjBJbmZyYSUyMENBJTIwMDYuY3J0MFMGCCsGAQUFBzAChkdodHRwOi8vY3JsMi5hbWUuZ2JsL2FpYS9CTDJQS0lJTlRDQTAyLkFNRS5HQkxfQU1FJTIwSW5mcmElMjBDQSUyMDA2LmNydDBTBggrBgEFBQcwAoZHaHR0cDovL2NybDMuYW1lLmdibC9haWEvQkwyUEtJSU5UQ0EwMi5BTUUuR0JMX0FNRSUyMEluZnJhJTIwQ0ElMjAwNi5jcnQwUwYIKwYBBQUHMAKGR2h0dHA6Ly9jcmw0LmFtZS5nYmwvYWlhL0JMMlBLSUlOVENBMDIuQU1FLkdCTF9BTUUlMjBJbmZyYSUyMENBJTIwMDYuY3J0MB0GA1UdDgQWBBQPt2y76WhKhKfsmhaKSl6_-ABVUzAOBgNVHQ8BAf8EBAMCBaAwggEmBgNVHR8EggEdMIIBGTCCARWgggERoIIBDYY_aHR0cDovL2NybC5taWNyb3NvZnQuY29tL3BraWluZnJhL0NSTC9BTUUlMjBJbmZyYSUyMENBJTIwMDYuY3JshjFodHRwOi8vY3JsMS5hbWUuZ2JsL2NybC9BTUUlMjBJbmZyYSUyMENBJTIwMDYuY3JshjFodHRwOi8vY3JsMi5hbWUuZ2JsL2NybC9BTUUlMjBJbmZyYSUyMENBJTIwMDYuY3JshjFodHRwOi8vY3JsMy5hbWUuZ2JsL2NybC9BTUUlMjBJbmZyYSUyMENBJTIwMDYuY3JshjFodHRwOi8vY3JsNC5hbWUuZ2JsL2NybC9BTUUlMjBJbmZyYSUyMENBJTIwMDYuY3JsMBcGA1UdIAQQMA4wDAYKKwYBBAGCN3sBATAfBgNVHSMEGDAWgBTxRmjG8cPwKy19i2rhsvm-NfzRQTAdBgNVHSUEFjAUBggrBgEFBQcDAQYIKwYBBQUHAwIwDQYJKoZIhvcNAQELBQADggEBAKfiXIDVAa163uWLQJ_KFJsJINDdJsPSYCj10C9FzlRIDm8NLFTcqHUht2yzNYw9sA0XiYBlshas0NHr_NjnK0vPf1AFoIyNw9OdZs75NKY4kH247gfF_AS1HoQheB_afmz95Kg4gW5BkeRfe92S6InmCXmdMN7m4vzQEeTuhvRoGh2iXCWxstqVMx28FAQxHa3Prn8dFtxou7RnYaFULimejLV78X4z6uHJwh1OmW9uhn3qd1LDrR7JAljm4WMGkEGOhjJfM5_k-EZGiorRgudd5Jd9zM4oxFvG6mwyZy5dGBJRbH-yBernSv2B_wejt8UxccrqN-zuk7CfQWoYGh0&s=DIh2u067W7amPe11wECBlrsoQz5YT-wZP1avG3AVSw-mhu1-k18B3U6obbQUpYgP4TjdIlpxEeQP-PDOWdUZV_hjc1A6YphTtI5HmzrrWyT0IssItTPIH_N92S-riBP_zaVwiabrvLYdSV_3Zl7rUgbkJlNqSAC51Sw0z2ZLlV-V9mqobkM-2y7WRXOqJ_AyX2iiry6FtMATnYXME7j2owoGlXv2viQB_MuIKFfkEJiQ87NTPkNnNe1cx0jTJIgiuwZFeLK-jdP6hgJ4YOh7GGjFI2gFDxXqO0YBDgVJWLwuFpgpbe1OypC9tYWWe2kCd6kWRepUfZ1QSS2P3gBajw&h=JXpDBkgeNvhdWisYkM3Io91sjiH5oInLS-PXTaH_IEI HTTP/1.1" 200 134
DEBUG: cli.azure.cli.core.sdk.policies: Response status: 200
DEBUG: cli.azure.cli.core.sdk.policies: Response headers:
DEBUG: cli.azure.cli.core.sdk.policies:     'Cache-Control': 'no-cache'
DEBUG: cli.azure.cli.core.sdk.policies:     'Pragma': 'no-cache'
DEBUG: cli.azure.cli.core.sdk.policies:     'Content-Length': '134'
DEBUG: cli.azure.cli.core.sdk.policies:     'Content-Type': 'application/json; charset=utf-8'
DEBUG: cli.azure.cli.core.sdk.policies:     'Expires': '-1'
DEBUG: cli.azure.cli.core.sdk.policies:     'Retry-After': '30'
DEBUG: cli.azure.cli.core.sdk.policies:     'x-ms-ratelimit-remaining-resource': 'Microsoft.Compute/GetOperationResource;44,Microsoft.Compute/GetOperationSubscriptionMaximum;14999'
DEBUG: cli.azure.cli.core.sdk.policies:     'Strict-Transport-Security': 'max-age=31536000; includeSubDomains'
DEBUG: cli.azure.cli.core.sdk.policies:     'x-ms-request-id': '4988647c-7792-4c6a-a124-2056caca025f'
DEBUG: cli.azure.cli.core.sdk.policies:     'x-ms-ratelimit-remaining-subscription-reads': '11998'
DEBUG: cli.azure.cli.core.sdk.policies:     'x-ms-correlation-request-id': '52c31c53-ead3-4db9-9020-76375e3d689f'
DEBUG: cli.azure.cli.core.sdk.policies:     'x-ms-routing-request-id': 'JAPANWEST:20240402T105847Z:52c31c53-ead3-4db9-9020-76375e3d689f'
DEBUG: cli.azure.cli.core.sdk.policies:     'X-Content-Type-Options': 'nosniff'
DEBUG: cli.azure.cli.core.sdk.policies:     'X-Cache': 'CONFIG_NOCACHE'
DEBUG: cli.azure.cli.core.sdk.policies:     'X-MSEdge-Ref': 'Ref A: D84B889436294A1E8BFCA95EFDCD2532 Ref B: TYO201100116029 Ref C: 2024-04-02T10:58:47Z'
DEBUG: cli.azure.cli.core.sdk.policies:     'Date': 'Tue, 02 Apr 2024 10:58:46 GMT'
DEBUG: cli.azure.cli.core.sdk.policies: Response content:
DEBUG: cli.azure.cli.core.sdk.policies: {
  "startTime": "2024-04-02T10:58:47.0928162+00:00",
  "status": "InProgress",
  "name": "7e5de5a2-53e0-49fc-a954-36f2aed08913"
}
DEBUG: cli.azure.cli.core.sdk.policies: Request URL: 'https://management.azure.com/subscriptions/xxxxxxxx-xxxx-xxxx-xxxx-xxxxxxxxxxxx/providers/Microsoft.Compute/locations/TaiwanNorth/operations/7e5de5a2-53e0-49fc-a954-36f2aed08913?p=fc5b00a6-f760-4a0f-bf0b-7d5a2cd17907&api-version=2023-09-01&t=638476523271484722&c=MIIHADCCBeigAwIBAgITHgPpxUXboRMa1MKXpgAAA-nFRTANBgkqhkiG9w0BAQsFADBEMRMwEQYKCZImiZPyLGQBGRYDR0JMMRMwEQYKCZImiZPyLGQBGRYDQU1FMRgwFgYDVQQDEw9BTUUgSW5mcmEgQ0EgMDYwHhcNMjQwMTMxMDEyODE0WhcNMjUwMTI1MDEyODE0WjBAMT4wPAYDVQQDEzVhc3luY29wZXJhdGlvbnNpZ25pbmdjZXJ0aWZpY2F0ZS5tYW5hZ2VtZW50LmF6dXJlLmNvbTCCASIwDQYJKoZIhvcNAQEBBQADggEPADCCAQoCggEBALigL_YnYGZkISCK9BFT_dzpf963u9bRlY_IhMLl8TQ-WhRb_jA3SHowq9D2t_7jJQKGI6GCCp7rr_bZzTa8pQN0C79lTnY73uIO4_vOTLEbO-r_WF4dIaOg1uhvkHUiwSieW1h1jjj7k_SIuMHohy7tAM8iZ7-ZfFZtnQlOn2e3i4JeBaiEwNF6m94GOMe29LMbaearVgY8Q9dpoqHRILM6oc_lOriZ7rsNAjKOxUZcp1Fo9palZ-3PsJ20ivSPfnC4uawbHqM6z14aGUgr9gJQWitq-3CYzqxU1A3majqauDuR74sxRgfJpBe8xHH2ykGfx9eRrJVbo9gtcbtMplUCAwEAAaOCA-0wggPpMCcGCSsGAQQBgjcVCgQaMBgwCgYIKwYBBQUHAwEwCgYIKwYBBQUHAwIwPQYJKwYBBAGCNxUHBDAwLgYmKwYBBAGCNxUIhpDjDYTVtHiE8Ys-hZvdFs6dEoFggvX2K4Py0SACAWQCAQowggHLBggrBgEFBQcBAQSCAb0wggG5MGMGCCsGAQUFBzAChldodHRwOi8vY3JsLm1pY3Jvc29mdC5jb20vcGtpaW5mcmEvQ2VydHMvQkwyUEtJSU5UQ0EwMi5BTUUuR0JMX0FNRSUyMEluZnJhJTIwQ0ElMjAwNi5jcnQwUwYIKwYBBQUHMAKGR2h0dHA6Ly9jcmwxLmFtZS5nYmwvYWlhL0JMMlBLSUlOVENBMDIuQU1FLkdCTF9BTUUlMjBJbmZyYSUyMENBJTIwMDYuY3J0MFMGCCsGAQUFBzAChkdodHRwOi8vY3JsMi5hbWUuZ2JsL2FpYS9CTDJQS0lJTlRDQTAyLkFNRS5HQkxfQU1FJTIwSW5mcmElMjBDQSUyMDA2LmNydDBTBggrBgEFBQcwAoZHaHR0cDovL2NybDMuYW1lLmdibC9haWEvQkwyUEtJSU5UQ0EwMi5BTUUuR0JMX0FNRSUyMEluZnJhJTIwQ0ElMjAwNi5jcnQwUwYIKwYBBQUHMAKGR2h0dHA6Ly9jcmw0LmFtZS5nYmwvYWlhL0JMMlBLSUlOVENBMDIuQU1FLkdCTF9BTUUlMjBJbmZyYSUyMENBJTIwMDYuY3J0MB0GA1UdDgQWBBQPt2y76WhKhKfsmhaKSl6_-ABVUzAOBgNVHQ8BAf8EBAMCBaAwggEmBgNVHR8EggEdMIIBGTCCARWgggERoIIBDYY_aHR0cDovL2NybC5taWNyb3NvZnQuY29tL3BraWluZnJhL0NSTC9BTUUlMjBJbmZyYSUyMENBJTIwMDYuY3JshjFodHRwOi8vY3JsMS5hbWUuZ2JsL2NybC9BTUUlMjBJbmZyYSUyMENBJTIwMDYuY3JshjFodHRwOi8vY3JsMi5hbWUuZ2JsL2NybC9BTUUlMjBJbmZyYSUyMENBJTIwMDYuY3JshjFodHRwOi8vY3JsMy5hbWUuZ2JsL2NybC9BTUUlMjBJbmZyYSUyMENBJTIwMDYuY3JshjFodHRwOi8vY3JsNC5hbWUuZ2JsL2NybC9BTUUlMjBJbmZyYSUyMENBJTIwMDYuY3JsMBcGA1UdIAQQMA4wDAYKKwYBBAGCN3sBATAfBgNVHSMEGDAWgBTxRmjG8cPwKy19i2rhsvm-NfzRQTAdBgNVHSUEFjAUBggrBgEFBQcDAQYIKwYBBQUHAwIwDQYJKoZIhvcNAQELBQADggEBAKfiXIDVAa163uWLQJ_KFJsJINDdJsPSYCj10C9FzlRIDm8NLFTcqHUht2yzNYw9sA0XiYBlshas0NHr_NjnK0vPf1AFoIyNw9OdZs75NKY4kH247gfF_AS1HoQheB_afmz95Kg4gW5BkeRfe92S6InmCXmdMN7m4vzQEeTuhvRoGh2iXCWxstqVMx28FAQxHa3Prn8dFtxou7RnYaFULimejLV78X4z6uHJwh1OmW9uhn3qd1LDrR7JAljm4WMGkEGOhjJfM5_k-EZGiorRgudd5Jd9zM4oxFvG6mwyZy5dGBJRbH-yBernSv2B_wejt8UxccrqN-zuk7CfQWoYGh0&s=DIh2u067W7amPe11wECBlrsoQz5YT-wZP1avG3AVSw-mhu1-k18B3U6obbQUpYgP4TjdIlpxEeQP-PDOWdUZV_hjc1A6YphTtI5HmzrrWyT0IssItTPIH_N92S-riBP_zaVwiabrvLYdSV_3Zl7rUgbkJlNqSAC51Sw0z2ZLlV-V9mqobkM-2y7WRXOqJ_AyX2iiry6FtMATnYXME7j2owoGlXv2viQB_MuIKFfkEJiQ87NTPkNnNe1cx0jTJIgiuwZFeLK-jdP6hgJ4YOh7GGjFI2gFDxXqO0YBDgVJWLwuFpgpbe1OypC9tYWWe2kCd6kWRepUfZ1QSS2P3gBajw&h=JXpDBkgeNvhdWisYkM3Io91sjiH5oInLS-PXTaH_IEI'
DEBUG: cli.azure.cli.core.sdk.policies: Request method: 'GET'
DEBUG: cli.azure.cli.core.sdk.policies: Request headers:
DEBUG: cli.azure.cli.core.sdk.policies:     'x-ms-client-request-id': 'f9f1e856-f0df-11ee-ac52-76c47aa90249'
DEBUG: cli.azure.cli.core.sdk.policies:     'CommandName': 'vm delete'
DEBUG: cli.azure.cli.core.sdk.policies:     'ParameterSetName': '-n -g --yes --debug'
DEBUG: cli.azure.cli.core.sdk.policies:     'User-Agent': 'AZURECLI/2.58.0 (HOMEBREW) azsdk-python-core/1.28.0 Python/3.11.8 (macOS-14.4.1-arm64-arm-64bit)'
DEBUG: cli.azure.cli.core.sdk.policies:     'Authorization': '*****'
DEBUG: cli.azure.cli.core.sdk.policies: Request body:
DEBUG: cli.azure.cli.core.sdk.policies: This request has no body
DEBUG: urllib3.connectionpool: https://management.azure.com:443 "GET /subscriptions/xxxxxxxx-xxxx-xxxx-xxxx-xxxxxxxxxxxx/providers/Microsoft.Compute/locations/TaiwanNorth/operations/7e5de5a2-53e0-49fc-a954-36f2aed08913?p=fc5b00a6-f760-4a0f-bf0b-7d5a2cd17907&api-version=2023-09-01&t=638476523271484722&c=MIIHADCCBeigAwIBAgITHgPpxUXboRMa1MKXpgAAA-nFRTANBgkqhkiG9w0BAQsFADBEMRMwEQYKCZImiZPyLGQBGRYDR0JMMRMwEQYKCZImiZPyLGQBGRYDQU1FMRgwFgYDVQQDEw9BTUUgSW5mcmEgQ0EgMDYwHhcNMjQwMTMxMDEyODE0WhcNMjUwMTI1MDEyODE0WjBAMT4wPAYDVQQDEzVhc3luY29wZXJhdGlvbnNpZ25pbmdjZXJ0aWZpY2F0ZS5tYW5hZ2VtZW50LmF6dXJlLmNvbTCCASIwDQYJKoZIhvcNAQEBBQADggEPADCCAQoCggEBALigL_YnYGZkISCK9BFT_dzpf963u9bRlY_IhMLl8TQ-WhRb_jA3SHowq9D2t_7jJQKGI6GCCp7rr_bZzTa8pQN0C79lTnY73uIO4_vOTLEbO-r_WF4dIaOg1uhvkHUiwSieW1h1jjj7k_SIuMHohy7tAM8iZ7-ZfFZtnQlOn2e3i4JeBaiEwNF6m94GOMe29LMbaearVgY8Q9dpoqHRILM6oc_lOriZ7rsNAjKOxUZcp1Fo9palZ-3PsJ20ivSPfnC4uawbHqM6z14aGUgr9gJQWitq-3CYzqxU1A3majqauDuR74sxRgfJpBe8xHH2ykGfx9eRrJVbo9gtcbtMplUCAwEAAaOCA-0wggPpMCcGCSsGAQQBgjcVCgQaMBgwCgYIKwYBBQUHAwEwCgYIKwYBBQUHAwIwPQYJKwYBBAGCNxUHBDAwLgYmKwYBBAGCNxUIhpDjDYTVtHiE8Ys-hZvdFs6dEoFggvX2K4Py0SACAWQCAQowggHLBggrBgEFBQcBAQSCAb0wggG5MGMGCCsGAQUFBzAChldodHRwOi8vY3JsLm1pY3Jvc29mdC5jb20vcGtpaW5mcmEvQ2VydHMvQkwyUEtJSU5UQ0EwMi5BTUUuR0JMX0FNRSUyMEluZnJhJTIwQ0ElMjAwNi5jcnQwUwYIKwYBBQUHMAKGR2h0dHA6Ly9jcmwxLmFtZS5nYmwvYWlhL0JMMlBLSUlOVENBMDIuQU1FLkdCTF9BTUUlMjBJbmZyYSUyMENBJTIwMDYuY3J0MFMGCCsGAQUFBzAChkdodHRwOi8vY3JsMi5hbWUuZ2JsL2FpYS9CTDJQS0lJTlRDQTAyLkFNRS5HQkxfQU1FJTIwSW5mcmElMjBDQSUyMDA2LmNydDBTBggrBgEFBQcwAoZHaHR0cDovL2NybDMuYW1lLmdibC9haWEvQkwyUEtJSU5UQ0EwMi5BTUUuR0JMX0FNRSUyMEluZnJhJTIwQ0ElMjAwNi5jcnQwUwYIKwYBBQUHMAKGR2h0dHA6Ly9jcmw0LmFtZS5nYmwvYWlhL0JMMlBLSUlOVENBMDIuQU1FLkdCTF9BTUUlMjBJbmZyYSUyMENBJTIwMDYuY3J0MB0GA1UdDgQWBBQPt2y76WhKhKfsmhaKSl6_-ABVUzAOBgNVHQ8BAf8EBAMCBaAwggEmBgNVHR8EggEdMIIBGTCCARWgggERoIIBDYY_aHR0cDovL2NybC5taWNyb3NvZnQuY29tL3BraWluZnJhL0NSTC9BTUUlMjBJbmZyYSUyMENBJTIwMDYuY3JshjFodHRwOi8vY3JsMS5hbWUuZ2JsL2NybC9BTUUlMjBJbmZyYSUyMENBJTIwMDYuY3JshjFodHRwOi8vY3JsMi5hbWUuZ2JsL2NybC9BTUUlMjBJbmZyYSUyMENBJTIwMDYuY3JshjFodHRwOi8vY3JsMy5hbWUuZ2JsL2NybC9BTUUlMjBJbmZyYSUyMENBJTIwMDYuY3JshjFodHRwOi8vY3JsNC5hbWUuZ2JsL2NybC9BTUUlMjBJbmZyYSUyMENBJTIwMDYuY3JsMBcGA1UdIAQQMA4wDAYKKwYBBAGCN3sBATAfBgNVHSMEGDAWgBTxRmjG8cPwKy19i2rhsvm-NfzRQTAdBgNVHSUEFjAUBggrBgEFBQcDAQYIKwYBBQUHAwIwDQYJKoZIhvcNAQELBQADggEBAKfiXIDVAa163uWLQJ_KFJsJINDdJsPSYCj10C9FzlRIDm8NLFTcqHUht2yzNYw9sA0XiYBlshas0NHr_NjnK0vPf1AFoIyNw9OdZs75NKY4kH247gfF_AS1HoQheB_afmz95Kg4gW5BkeRfe92S6InmCXmdMN7m4vzQEeTuhvRoGh2iXCWxstqVMx28FAQxHa3Prn8dFtxou7RnYaFULimejLV78X4z6uHJwh1OmW9uhn3qd1LDrR7JAljm4WMGkEGOhjJfM5_k-EZGiorRgudd5Jd9zM4oxFvG6mwyZy5dGBJRbH-yBernSv2B_wejt8UxccrqN-zuk7CfQWoYGh0&s=DIh2u067W7amPe11wECBlrsoQz5YT-wZP1avG3AVSw-mhu1-k18B3U6obbQUpYgP4TjdIlpxEeQP-PDOWdUZV_hjc1A6YphTtI5HmzrrWyT0IssItTPIH_N92S-riBP_zaVwiabrvLYdSV_3Zl7rUgbkJlNqSAC51Sw0z2ZLlV-V9mqobkM-2y7WRXOqJ_AyX2iiry6FtMATnYXME7j2owoGlXv2viQB_MuIKFfkEJiQ87NTPkNnNe1cx0jTJIgiuwZFeLK-jdP6hgJ4YOh7GGjFI2gFDxXqO0YBDgVJWLwuFpgpbe1OypC9tYWWe2kCd6kWRepUfZ1QSS2P3gBajw&h=JXpDBkgeNvhdWisYkM3Io91sjiH5oInLS-PXTaH_IEI HTTP/1.1" 200 184
DEBUG: cli.azure.cli.core.sdk.policies: Response status: 200
DEBUG: cli.azure.cli.core.sdk.policies: Response headers:
DEBUG: cli.azure.cli.core.sdk.policies:     'Cache-Control': 'no-cache'
DEBUG: cli.azure.cli.core.sdk.policies:     'Pragma': 'no-cache'
DEBUG: cli.azure.cli.core.sdk.policies:     'Content-Length': '184'
DEBUG: cli.azure.cli.core.sdk.policies:     'Content-Type': 'application/json; charset=utf-8'
DEBUG: cli.azure.cli.core.sdk.policies:     'Expires': '-1'
DEBUG: cli.azure.cli.core.sdk.policies:     'x-ms-ratelimit-remaining-resource': 'Microsoft.Compute/GetOperationResource;42,Microsoft.Compute/GetOperationSubscriptionMaximum;14999'
DEBUG: cli.azure.cli.core.sdk.policies:     'Strict-Transport-Security': 'max-age=31536000; includeSubDomains'
DEBUG: cli.azure.cli.core.sdk.policies:     'x-ms-request-id': '4f628060-0509-4d0a-b01f-9f0bf4ecffc0'
DEBUG: cli.azure.cli.core.sdk.policies:     'x-ms-ratelimit-remaining-subscription-reads': '11998'
DEBUG: cli.azure.cli.core.sdk.policies:     'x-ms-correlation-request-id': 'a205fb54-3556-4eac-936a-ffa7e0300883'
DEBUG: cli.azure.cli.core.sdk.policies:     'x-ms-routing-request-id': 'JAPANWEST:20240402T105917Z:a205fb54-3556-4eac-936a-ffa7e0300883'
DEBUG: cli.azure.cli.core.sdk.policies:     'X-Content-Type-Options': 'nosniff'
DEBUG: cli.azure.cli.core.sdk.policies:     'X-Cache': 'CONFIG_NOCACHE'
DEBUG: cli.azure.cli.core.sdk.policies:     'X-MSEdge-Ref': 'Ref A: A05F19353B94442AA5B8B7DD0F6238E8 Ref B: TYO201100116029 Ref C: 2024-04-02T10:59:17Z'
DEBUG: cli.azure.cli.core.sdk.policies:     'Date': 'Tue, 02 Apr 2024 10:59:16 GMT'
DEBUG: cli.azure.cli.core.sdk.policies: Response content:
DEBUG: cli.azure.cli.core.sdk.policies: {
  "startTime": "2024-04-02T10:58:47.0928162+00:00",
  "endTime": "2024-04-02T10:59:02.7802052+00:00",
  "status": "Succeeded",
  "name": "7e5de5a2-53e0-49fc-a954-36f2aed08913"
}
DEBUG: cli.knack.cli: Event: CommandInvoker.OnTransformResult [<function _resource_group_transform at 0x10493c860>, <function _x509_from_base64_to_hex_transform at 0x10493c900>]
DEBUG: cli.knack.cli: Event: CommandInvoker.OnFilterResult []
DEBUG: cli.knack.cli: Event: Cli.SuccessfulExecute []
DEBUG: cli.knack.cli: Event: Cli.PostExecute [<function AzCliLogging.deinit_cmd_metadata_logging at 0x1048ead40>]
INFO: az_command_data_logger: exit code: 0
INFO: cli.__main__: Command ran in 32.353 seconds (init: 0.157, invoke: 32.196)
INFO: telemetry.main: Begin splitting cli events and extra events, total events: 1
INFO: telemetry.client: Accumulated 0 events. Flush the clients.
INFO: telemetry.main: Finish splitting cli events and extra events, cli events: 1
INFO: telemetry.save: Save telemetry record of length 3726 in cache
INFO: telemetry.main: Begin creating telemetry upload process.
INFO: telemetry.process: Creating upload process: "/opt/homebrew/Cellar/azure-cli/2.58.0/libexec/bin/python /opt/homebrew/Cellar/azure-cli/2.58.0/libexec/lib/python3.11/site-packages/azure/cli/telemetry/__init__.py /Users/pichuang/.azure"
INFO: telemetry.process: Return from creating process
INFO: telemetry.main: Finish creating telemetry upload process.
